mode: atomic
github.com/trueforge-org/forgetool/main.go:21.13,28.31 3 0
github.com/trueforge-org/forgetool/main.go:29.15,30.36 1 0
github.com/trueforge-org/forgetool/main.go:31.15,32.36 1 0
github.com/trueforge-org/forgetool/main.go:33.14,34.35 1 0
github.com/trueforge-org/forgetool/main.go:35.15,36.36 1 0
github.com/trueforge-org/forgetool/main.go:37.15,38.36 1 0
github.com/trueforge-org/forgetool/main.go:39.15,40.36 1 0
github.com/trueforge-org/forgetool/main.go:41.14,42.35 1 0
github.com/trueforge-org/forgetool/main.go:43.10,44.35 1 0
github.com/trueforge-org/forgetool/main.go:47.2,47.30 1 0
github.com/trueforge-org/forgetool/main.go:47.30,49.3 1 0
github.com/trueforge-org/forgetool/main.go:52.2,77.16 12 0
github.com/trueforge-org/forgetool/main.go:77.16,79.3 1 0
github.com/trueforge-org/forgetool/embed/embed.go:20.19,22.16 2 0
github.com/trueforge-org/forgetool/embed/embed.go:22.16,24.3 1 0
github.com/trueforge-org/forgetool/embed/embed.go:25.2,27.39 3 0
github.com/trueforge-org/forgetool/embed/embed.go:30.51,33.66 1 0
github.com/trueforge-org/forgetool/embed/embed.go:33.66,36.3 2 0
github.com/trueforge-org/forgetool/embed/embed.go:38.2,39.74 2 0
github.com/trueforge-org/forgetool/embed/embed.go:39.74,40.17 1 0
github.com/trueforge-org/forgetool/embed/embed.go:40.17,42.4 1 0
github.com/trueforge-org/forgetool/embed/embed.go:43.3,43.22 1 0
github.com/trueforge-org/forgetool/embed/embed.go:43.22,44.17 1 0
github.com/trueforge-org/forgetool/embed/embed.go:44.17,47.63 2 0
github.com/trueforge-org/forgetool/embed/embed.go:47.63,50.6 2 0
github.com/trueforge-org/forgetool/embed/embed.go:51.10,55.19 2 0
github.com/trueforge-org/forgetool/embed/embed.go:55.19,58.6 2 0
github.com/trueforge-org/forgetool/embed/embed.go:59.5,60.63 2 0
github.com/trueforge-org/forgetool/embed/embed.go:60.63,63.6 2 0
github.com/trueforge-org/forgetool/embed/embed.go:66.3,66.13 1 0
github.com/trueforge-org/forgetool/embed/embed.go:70.28,72.31 2 0
github.com/trueforge-org/forgetool/embed/embed.go:72.31,73.32 1 0
github.com/trueforge-org/forgetool/embed/embed.go:73.32,75.4 1 0
github.com/trueforge-org/forgetool/embed/embed.go:75.9,77.4 1 0
github.com/trueforge-org/forgetool/embed/embed.go:80.2,80.29 1 0
github.com/trueforge-org/forgetool/embed/embed.go:80.29,81.32 1 0
github.com/trueforge-org/forgetool/embed/embed.go:81.32,83.4 1 0
github.com/trueforge-org/forgetool/embed/embed.go:83.9,85.4 1 0
github.com/trueforge-org/forgetool/embed/embed.go:88.2,88.30 1 0
github.com/trueforge-org/forgetool/embed/embed.go:88.30,89.32 1 0
github.com/trueforge-org/forgetool/embed/embed.go:89.32,91.4 1 0
github.com/trueforge-org/forgetool/embed/embed.go:91.9,93.4 1 0
github.com/trueforge-org/forgetool/embed/embed.go:96.2,96.31 1 0
github.com/trueforge-org/forgetool/embed/embed.go:96.31,97.32 1 0
github.com/trueforge-org/forgetool/embed/embed.go:97.32,99.4 1 0
github.com/trueforge-org/forgetool/embed/embed.go:99.9,101.4 1 0
github.com/trueforge-org/forgetool/embed/embed.go:105.2,105.49 1 0
github.com/trueforge-org/forgetool/pkg/charts/changelog/active_charts.go:23.61,28.2 4 0
github.com/trueforge-org/forgetool/pkg/charts/changelog/active_charts.go:30.95,31.16 1 0
github.com/trueforge-org/forgetool/pkg/charts/changelog/active_charts.go:31.16,33.3 1 0
github.com/trueforge-org/forgetool/pkg/charts/changelog/active_charts.go:34.2,34.34 1 0
github.com/trueforge-org/forgetool/pkg/charts/changelog/active_charts.go:34.34,36.3 1 0
github.com/trueforge-org/forgetool/pkg/charts/changelog/active_charts.go:38.2,39.16 2 0
github.com/trueforge-org/forgetool/pkg/charts/changelog/active_charts.go:39.16,41.3 1 0
github.com/trueforge-org/forgetool/pkg/charts/changelog/active_charts.go:43.2,53.38 7 0
github.com/trueforge-org/forgetool/pkg/charts/changelog/active_charts.go:53.38,55.3 1 0
github.com/trueforge-org/forgetool/pkg/charts/changelog/active_charts.go:55.8,57.3 1 0
github.com/trueforge-org/forgetool/pkg/charts/changelog/active_charts.go:58.2,59.12 2 0
github.com/trueforge-org/forgetool/pkg/charts/changelog/changed_data.go:30.71,32.30 2 0
github.com/trueforge-org/forgetool/pkg/charts/changelog/changed_data.go:32.30,34.17 2 0
github.com/trueforge-org/forgetool/pkg/charts/changelog/changed_data.go:34.17,36.4 1 0
github.com/trueforge-org/forgetool/pkg/charts/changelog/changed_data.go:37.3,37.48 1 0
github.com/trueforge-org/forgetool/pkg/charts/changelog/changed_data.go:40.2,40.48 1 0
github.com/trueforge-org/forgetool/pkg/charts/changelog/changed_data.go:40.48,41.14 1 0
github.com/trueforge-org/forgetool/pkg/charts/changelog/changed_data.go:41.14,43.4 1 0
github.com/trueforge-org/forgetool/pkg/charts/changelog/changed_data.go:44.3,44.53 1 0
github.com/trueforge-org/forgetool/pkg/charts/changelog/changed_data.go:47.2,47.40 1 0
github.com/trueforge-org/forgetool/pkg/charts/changelog/changed_data.go:47.40,49.3 1 0
github.com/trueforge-org/forgetool/pkg/charts/changelog/changed_data.go:51.2,51.27 1 0
github.com/trueforge-org/forgetool/pkg/charts/changelog/changed_data.go:54.107,55.21 1 0
github.com/trueforge-org/forgetool/pkg/charts/changelog/changed_data.go:55.21,57.3 1 0
github.com/trueforge-org/forgetool/pkg/charts/changelog/changed_data.go:58.2,59.13 2 0
github.com/trueforge-org/forgetool/pkg/charts/changelog/changed_data.go:59.13,61.3 1 0
github.com/trueforge-org/forgetool/pkg/charts/changelog/changed_data.go:63.2,64.53 2 0
github.com/trueforge-org/forgetool/pkg/charts/changelog/changed_data.go:67.58,68.23 1 0
github.com/trueforge-org/forgetool/pkg/charts/changelog/changed_data.go:68.23,70.3 1 0
github.com/trueforge-org/forgetool/pkg/charts/changelog/changed_data.go:71.2,72.12 2 0
github.com/trueforge-org/forgetool/pkg/charts/changelog/changed_data.go:72.12,74.3 1 0
github.com/trueforge-org/forgetool/pkg/charts/changelog/changed_data.go:75.2,79.3 1 0
github.com/trueforge-org/forgetool/pkg/charts/changelog/changed_data.go:89.52,90.22 1 0
github.com/trueforge-org/forgetool/pkg/charts/changelog/changed_data.go:90.22,92.3 1 0
github.com/trueforge-org/forgetool/pkg/charts/changelog/changed_data.go:94.2,95.12 2 0
github.com/trueforge-org/forgetool/pkg/charts/changelog/changed_data.go:95.12,97.3 1 0
github.com/trueforge-org/forgetool/pkg/charts/changelog/changed_data.go:98.2,104.3 1 0
github.com/trueforge-org/forgetool/pkg/charts/changelog/changed_data.go:107.64,109.35 2 0
github.com/trueforge-org/forgetool/pkg/charts/changelog/changed_data.go:109.35,111.3 1 0
github.com/trueforge-org/forgetool/pkg/charts/changelog/changed_data.go:113.2,114.42 2 0
github.com/trueforge-org/forgetool/pkg/charts/changelog/changed_data.go:114.42,119.17 2 0
github.com/trueforge-org/forgetool/pkg/charts/changelog/changed_data.go:119.17,122.4 2 0
github.com/trueforge-org/forgetool/pkg/charts/changelog/changed_data.go:123.3,124.17 2 0
github.com/trueforge-org/forgetool/pkg/charts/changelog/changed_data.go:124.17,127.4 2 0
github.com/trueforge-org/forgetool/pkg/charts/changelog/changed_data.go:128.3,128.14 1 0
github.com/trueforge-org/forgetool/pkg/charts/changelog/changed_data.go:128.14,130.4 1 0
github.com/trueforge-org/forgetool/pkg/charts/changelog/changed_data.go:131.3,131.29 1 0
github.com/trueforge-org/forgetool/pkg/charts/changelog/changed_data.go:134.2,134.12 1 0
github.com/trueforge-org/forgetool/pkg/charts/changelog/changed_data.go:134.12,136.3 1 0
github.com/trueforge-org/forgetool/pkg/charts/changelog/changed_data.go:138.2,139.21 2 0
github.com/trueforge-org/forgetool/pkg/charts/changelog/changed_data.go:155.55,157.16 2 0
github.com/trueforge-org/forgetool/pkg/charts/changelog/changed_data.go:157.16,158.25 1 0
github.com/trueforge-org/forgetool/pkg/charts/changelog/changed_data.go:158.25,160.4 1 0
github.com/trueforge-org/forgetool/pkg/charts/changelog/changed_data.go:161.3,161.13 1 0
github.com/trueforge-org/forgetool/pkg/charts/changelog/changed_data.go:163.2,163.22 1 0
github.com/trueforge-org/forgetool/pkg/charts/changelog/changed_data.go:163.22,165.3 1 0
github.com/trueforge-org/forgetool/pkg/charts/changelog/changed_data.go:167.2,168.16 2 0
github.com/trueforge-org/forgetool/pkg/charts/changelog/changed_data.go:168.16,170.3 1 0
github.com/trueforge-org/forgetool/pkg/charts/changelog/changed_data.go:172.2,173.16 2 0
github.com/trueforge-org/forgetool/pkg/charts/changelog/changed_data.go:173.16,175.3 1 0
github.com/trueforge-org/forgetool/pkg/charts/changelog/changed_data.go:177.2,177.12 1 0
github.com/trueforge-org/forgetool/pkg/charts/changelog/changed_data.go:180.54,182.16 2 0
github.com/trueforge-org/forgetool/pkg/charts/changelog/changed_data.go:182.16,184.3 1 0
github.com/trueforge-org/forgetool/pkg/charts/changelog/changed_data.go:185.2,186.39 2 0
github.com/trueforge-org/forgetool/pkg/charts/changelog/changelog.go:26.58,28.16 2 0
github.com/trueforge-org/forgetool/pkg/charts/changelog/changelog.go:28.16,29.25 1 0
github.com/trueforge-org/forgetool/pkg/charts/changelog/changelog.go:29.25,30.24 1 0
github.com/trueforge-org/forgetool/pkg/charts/changelog/changelog.go:30.24,32.19 2 0
github.com/trueforge-org/forgetool/pkg/charts/changelog/changelog.go:32.19,34.6 1 0
github.com/trueforge-org/forgetool/pkg/charts/changelog/changelog.go:35.5,35.15 1 0
github.com/trueforge-org/forgetool/pkg/charts/changelog/changelog.go:37.4,37.14 1 0
github.com/trueforge-org/forgetool/pkg/charts/changelog/changelog.go:39.3,39.61 1 0
github.com/trueforge-org/forgetool/pkg/charts/changelog/changelog.go:41.2,41.12 1 0
github.com/trueforge-org/forgetool/pkg/charts/changelog/changelog.go:44.45,45.22 1 0
github.com/trueforge-org/forgetool/pkg/charts/changelog/changelog.go:45.22,47.3 1 0
github.com/trueforge-org/forgetool/pkg/charts/changelog/changelog.go:48.2,48.26 1 0
github.com/trueforge-org/forgetool/pkg/charts/changelog/changelog.go:48.26,50.3 1 0
github.com/trueforge-org/forgetool/pkg/charts/changelog/changelog.go:51.2,51.31 1 0
github.com/trueforge-org/forgetool/pkg/charts/changelog/changelog.go:51.31,53.3 1 0
github.com/trueforge-org/forgetool/pkg/charts/changelog/changelog.go:54.2,54.23 1 0
github.com/trueforge-org/forgetool/pkg/charts/changelog/changelog.go:54.23,56.3 1 0
github.com/trueforge-org/forgetool/pkg/charts/changelog/changelog.go:57.2,57.28 1 0
github.com/trueforge-org/forgetool/pkg/charts/changelog/changelog.go:57.28,59.3 1 0
github.com/trueforge-org/forgetool/pkg/charts/changelog/changelog.go:60.2,60.33 1 0
github.com/trueforge-org/forgetool/pkg/charts/changelog/changelog.go:60.33,62.3 1 0
github.com/trueforge-org/forgetool/pkg/charts/changelog/changelog.go:64.2,71.34 2 0
github.com/trueforge-org/forgetool/pkg/charts/changelog/changelog.go:71.34,72.49 1 0
github.com/trueforge-org/forgetool/pkg/charts/changelog/changelog.go:72.49,74.4 1 0
github.com/trueforge-org/forgetool/pkg/charts/changelog/changelog.go:77.2,77.12 1 0
github.com/trueforge-org/forgetool/pkg/charts/changelog/changelog.go:87.45,91.37 4 0
github.com/trueforge-org/forgetool/pkg/charts/changelog/changelog.go:91.37,93.3 1 0
github.com/trueforge-org/forgetool/pkg/charts/changelog/changelog.go:95.2,95.119 1 0
github.com/trueforge-org/forgetool/pkg/charts/changelog/changelog.go:95.119,97.3 1 0
github.com/trueforge-org/forgetool/pkg/charts/changelog/changelog.go:98.2,102.67 3 0
github.com/trueforge-org/forgetool/pkg/charts/changelog/changelog.go:102.67,104.3 1 0
github.com/trueforge-org/forgetool/pkg/charts/changelog/changelog.go:105.2,105.34 1 0
github.com/trueforge-org/forgetool/pkg/charts/changelog/changelog.go:105.34,107.3 1 0
github.com/trueforge-org/forgetool/pkg/charts/changelog/changelog.go:107.8,109.3 1 0
github.com/trueforge-org/forgetool/pkg/charts/changelog/changelog.go:112.2,113.16 2 0
github.com/trueforge-org/forgetool/pkg/charts/changelog/changelog.go:113.16,115.3 1 0
github.com/trueforge-org/forgetool/pkg/charts/changelog/changelog.go:119.2,120.16 2 0
github.com/trueforge-org/forgetool/pkg/charts/changelog/changelog.go:120.16,122.3 1 0
github.com/trueforge-org/forgetool/pkg/charts/changelog/changelog.go:123.2,124.16 2 0
github.com/trueforge-org/forgetool/pkg/charts/changelog/changelog.go:124.16,126.3 1 0
github.com/trueforge-org/forgetool/pkg/charts/changelog/changelog.go:127.2,127.23 1 0
github.com/trueforge-org/forgetool/pkg/charts/changelog/changelog.go:127.23,130.3 2 0
github.com/trueforge-org/forgetool/pkg/charts/changelog/changelog.go:131.2,139.28 5 0
github.com/trueforge-org/forgetool/pkg/charts/changelog/changelog.go:139.28,145.42 5 0
github.com/trueforge-org/forgetool/pkg/charts/changelog/changelog.go:145.42,149.4 1 0
github.com/trueforge-org/forgetool/pkg/charts/changelog/changelog.go:151.3,155.28 5 0
github.com/trueforge-org/forgetool/pkg/charts/changelog/changelog.go:158.2,160.48 2 0
github.com/trueforge-org/forgetool/pkg/charts/changelog/changelog.go:160.48,162.3 1 0
github.com/trueforge-org/forgetool/pkg/charts/changelog/changelog.go:163.2,164.66 2 0
github.com/trueforge-org/forgetool/pkg/charts/changelog/changelog.go:164.66,166.3 1 0
github.com/trueforge-org/forgetool/pkg/charts/changelog/changelog.go:167.2,169.12 3 0
github.com/trueforge-org/forgetool/pkg/charts/changelog/changelog.go:175.36,183.58 7 0
github.com/trueforge-org/forgetool/pkg/charts/changelog/changelog.go:183.58,186.10 2 0
github.com/trueforge-org/forgetool/pkg/charts/changelog/changelog.go:186.10,188.12 2 0
github.com/trueforge-org/forgetool/pkg/charts/changelog/changelog.go:193.3,193.64 1 0
github.com/trueforge-org/forgetool/pkg/charts/changelog/changelog.go:193.64,195.12 2 0
github.com/trueforge-org/forgetool/pkg/charts/changelog/changelog.go:199.3,200.17 2 0
github.com/trueforge-org/forgetool/pkg/charts/changelog/changelog.go:200.17,202.4 1 0
github.com/trueforge-org/forgetool/pkg/charts/changelog/changelog.go:206.3,206.62 1 0
github.com/trueforge-org/forgetool/pkg/charts/changelog/changelog.go:206.62,208.18 2 0
github.com/trueforge-org/forgetool/pkg/charts/changelog/changelog.go:208.18,210.5 1 0
github.com/trueforge-org/forgetool/pkg/charts/changelog/changelog.go:212.4,214.43 2 0
github.com/trueforge-org/forgetool/pkg/charts/changelog/changelog.go:214.43,217.42 1 0
github.com/trueforge-org/forgetool/pkg/charts/changelog/changelog.go:217.42,218.14 1 0
github.com/trueforge-org/forgetool/pkg/charts/changelog/changelog.go:220.5,222.12 3 0
github.com/trueforge-org/forgetool/pkg/charts/changelog/changelog.go:222.12,225.6 2 0
github.com/trueforge-org/forgetool/pkg/charts/changelog/changelog.go:228.5,228.82 1 0
github.com/trueforge-org/forgetool/pkg/charts/changelog/changelog.go:228.82,229.37 1 0
github.com/trueforge-org/forgetool/pkg/charts/changelog/changelog.go:229.37,232.7 2 0
github.com/trueforge-org/forgetool/pkg/charts/changelog/changelog.go:234.6,234.54 1 0
github.com/trueforge-org/forgetool/pkg/charts/changelog/changelog.go:234.54,237.15 2 0
github.com/trueforge-org/forgetool/pkg/charts/changelog/changelog.go:239.6,239.46 1 0
github.com/trueforge-org/forgetool/pkg/charts/changelog/changelog.go:241.5,241.10 1 0
github.com/trueforge-org/forgetool/pkg/charts/changelog/changelog.go:243.4,243.21 1 0
github.com/trueforge-org/forgetool/pkg/charts/changelog/changelog.go:243.21,245.82 1 0
github.com/trueforge-org/forgetool/pkg/charts/changelog/changelog.go:245.82,246.72 1 0
github.com/trueforge-org/forgetool/pkg/charts/changelog/changelog.go:246.72,249.15 2 0
github.com/trueforge-org/forgetool/pkg/charts/changelog/changelog.go:251.6,251.64 1 0
github.com/trueforge-org/forgetool/pkg/charts/changelog/changelog.go:258.2,259.12 2 0
github.com/trueforge-org/forgetool/pkg/charts/changelog/commit.go:14.48,16.2 1 0
github.com/trueforge-org/forgetool/pkg/charts/changelog/commit.go:21.45,23.18 2 0
github.com/trueforge-org/forgetool/pkg/charts/changelog/commit.go:23.18,25.3 1 0
github.com/trueforge-org/forgetool/pkg/charts/changelog/commit.go:26.2,26.17 1 0
github.com/trueforge-org/forgetool/pkg/charts/changelog/commit.go:29.43,30.21 1 0
github.com/trueforge-org/forgetool/pkg/charts/changelog/commit.go:30.21,34.3 3 0
github.com/trueforge-org/forgetool/pkg/charts/changelog/commit.go:35.2,35.55 1 0
github.com/trueforge-org/forgetool/pkg/charts/changelog/commit.go:35.55,39.3 3 0
github.com/trueforge-org/forgetool/pkg/charts/changelog/commit.go:41.2,41.87 1 0
github.com/trueforge-org/forgetool/pkg/charts/changelog/commit.go:41.87,45.3 3 0
github.com/trueforge-org/forgetool/pkg/charts/changelog/commit.go:47.2,47.13 1 0
github.com/trueforge-org/forgetool/pkg/charts/changelog/commit.go:57.44,59.23 2 0
github.com/trueforge-org/forgetool/pkg/charts/changelog/commit.go:59.23,61.3 1 0
github.com/trueforge-org/forgetool/pkg/charts/changelog/commit.go:63.2,64.16 2 0
github.com/trueforge-org/forgetool/pkg/charts/changelog/commit.go:64.16,66.3 1 0
github.com/trueforge-org/forgetool/pkg/charts/changelog/commit.go:67.2,68.16 2 0
github.com/trueforge-org/forgetool/pkg/charts/changelog/commit.go:68.16,70.3 1 0
github.com/trueforge-org/forgetool/pkg/charts/changelog/commit.go:74.2,75.16 2 0
github.com/trueforge-org/forgetool/pkg/charts/changelog/commit.go:75.16,77.3 1 0
github.com/trueforge-org/forgetool/pkg/charts/changelog/commit.go:81.2,84.95 2 0
github.com/trueforge-org/forgetool/pkg/charts/changelog/commit.go:84.95,86.3 1 0
github.com/trueforge-org/forgetool/pkg/charts/changelog/commit.go:88.2,88.12 1 0
github.com/trueforge-org/forgetool/pkg/charts/changelog/patch.go:16.72,18.16 2 0
github.com/trueforge-org/forgetool/pkg/charts/changelog/patch.go:18.16,21.3 2 0
github.com/trueforge-org/forgetool/pkg/charts/changelog/patch.go:26.2,27.72 2 0
github.com/trueforge-org/forgetool/pkg/charts/changelog/patch.go:27.72,30.3 2 0
github.com/trueforge-org/forgetool/pkg/charts/changelog/patch.go:31.2,31.52 1 0
github.com/trueforge-org/forgetool/pkg/charts/changelog/patch.go:31.52,34.3 2 0
github.com/trueforge-org/forgetool/pkg/charts/changelog/patch.go:35.2,35.16 1 0
github.com/trueforge-org/forgetool/pkg/charts/changelog/patch.go:35.16,36.53 1 0
github.com/trueforge-org/forgetool/pkg/charts/changelog/patch.go:36.53,39.4 2 0
github.com/trueforge-org/forgetool/pkg/charts/changelog/patch.go:42.2,42.56 1 0
github.com/trueforge-org/forgetool/pkg/charts/changelog/patch.go:45.107,47.16 2 0
github.com/trueforge-org/forgetool/pkg/charts/changelog/patch.go:47.16,49.3 1 0
github.com/trueforge-org/forgetool/pkg/charts/changelog/patch.go:50.2,51.16 2 0
github.com/trueforge-org/forgetool/pkg/charts/changelog/patch.go:51.16,53.3 1 0
github.com/trueforge-org/forgetool/pkg/charts/changelog/patch.go:55.2,56.22 2 0
github.com/trueforge-org/forgetool/pkg/charts/changelog/patch.go:56.22,58.17 2 0
github.com/trueforge-org/forgetool/pkg/charts/changelog/patch.go:58.17,60.4 1 0
github.com/trueforge-org/forgetool/pkg/charts/changelog/patch.go:62.3,63.17 2 0
github.com/trueforge-org/forgetool/pkg/charts/changelog/patch.go:63.17,65.4 1 0
github.com/trueforge-org/forgetool/pkg/charts/changelog/patch.go:68.2,68.38 1 0
github.com/trueforge-org/forgetool/pkg/charts/changelog/patch.go:71.89,73.36 2 0
github.com/trueforge-org/forgetool/pkg/charts/changelog/patch.go:73.36,76.17 2 0
github.com/trueforge-org/forgetool/pkg/charts/changelog/patch.go:76.17,77.36 1 0
github.com/trueforge-org/forgetool/pkg/charts/changelog/patch.go:77.36,78.13 1 0
github.com/trueforge-org/forgetool/pkg/charts/changelog/patch.go:80.4,80.87 1 0
github.com/trueforge-org/forgetool/pkg/charts/changelog/patch.go:83.3,83.29 1 0
github.com/trueforge-org/forgetool/pkg/charts/changelog/patch.go:83.29,84.12 1 0
github.com/trueforge-org/forgetool/pkg/charts/changelog/patch.go:88.3,88.89 1 0
github.com/trueforge-org/forgetool/pkg/charts/changelog/patch.go:91.2,91.37 1 0
github.com/trueforge-org/forgetool/pkg/charts/changelog/patch.go:94.85,96.38 2 0
github.com/trueforge-org/forgetool/pkg/charts/changelog/patch.go:96.38,97.35 1 0
github.com/trueforge-org/forgetool/pkg/charts/changelog/patch.go:97.35,102.64 2 0
github.com/trueforge-org/forgetool/pkg/charts/changelog/patch.go:102.64,104.13 2 0
github.com/trueforge-org/forgetool/pkg/charts/changelog/patch.go:108.2,108.29 1 0
github.com/trueforge-org/forgetool/pkg/charts/changelog/patch.go:111.129,113.53 1 0
github.com/trueforge-org/forgetool/pkg/charts/changelog/patch.go:113.53,115.17 2 0
github.com/trueforge-org/forgetool/pkg/charts/changelog/patch.go:115.17,117.4 1 0
github.com/trueforge-org/forgetool/pkg/charts/changelog/patch.go:120.3,120.19 1 0
github.com/trueforge-org/forgetool/pkg/charts/changelog/patch.go:120.19,124.12 4 0
github.com/trueforge-org/forgetool/pkg/charts/changelog/patch.go:127.3,128.17 2 0
github.com/trueforge-org/forgetool/pkg/charts/changelog/patch.go:128.17,130.4 1 0
github.com/trueforge-org/forgetool/pkg/charts/changelog/patch.go:131.3,132.17 2 0
github.com/trueforge-org/forgetool/pkg/charts/changelog/patch.go:132.17,134.4 1 0
github.com/trueforge-org/forgetool/pkg/charts/changelog/patch.go:137.3,137.39 1 0
github.com/trueforge-org/forgetool/pkg/charts/changelog/patch.go:137.39,141.12 4 0
github.com/trueforge-org/forgetool/pkg/charts/changelog/patch.go:150.3,152.26 3 0
github.com/trueforge-org/forgetool/pkg/charts/changelog/patch.go:154.2,154.12 1 0
github.com/trueforge-org/forgetool/pkg/charts/changelog/render.go:15.43,21.69 5 0
github.com/trueforge-org/forgetool/pkg/charts/changelog/render.go:21.69,23.3 1 0
github.com/trueforge-org/forgetool/pkg/charts/changelog/render.go:24.2,24.119 1 0
github.com/trueforge-org/forgetool/pkg/charts/changelog/render.go:24.119,26.3 1 0
github.com/trueforge-org/forgetool/pkg/charts/changelog/render.go:28.2,28.43 1 0
github.com/trueforge-org/forgetool/pkg/charts/changelog/render.go:28.43,29.46 1 0
github.com/trueforge-org/forgetool/pkg/charts/changelog/render.go:29.46,31.12 2 0
github.com/trueforge-org/forgetool/pkg/charts/changelog/render.go:34.3,34.55 1 0
github.com/trueforge-org/forgetool/pkg/charts/changelog/render.go:34.55,36.12 2 0
github.com/trueforge-org/forgetool/pkg/charts/changelog/render.go:39.3,40.17 2 0
github.com/trueforge-org/forgetool/pkg/charts/changelog/render.go:40.17,42.4 1 0
github.com/trueforge-org/forgetool/pkg/charts/changelog/render.go:44.3,44.80 1 0
github.com/trueforge-org/forgetool/pkg/charts/changelog/render.go:44.80,46.4 1 0
github.com/trueforge-org/forgetool/pkg/charts/changelog/render.go:47.3,47.69 1 0
github.com/trueforge-org/forgetool/pkg/charts/changelog/render.go:47.69,49.18 2 0
github.com/trueforge-org/forgetool/pkg/charts/changelog/render.go:49.18,51.5 1 0
github.com/trueforge-org/forgetool/pkg/charts/changelog/render.go:54.3,59.17 5 0
github.com/trueforge-org/forgetool/pkg/charts/changelog/render.go:59.17,61.4 1 0
github.com/trueforge-org/forgetool/pkg/charts/changelog/render.go:63.3,64.58 2 0
github.com/trueforge-org/forgetool/pkg/charts/changelog/render.go:64.58,66.4 1 0
github.com/trueforge-org/forgetool/pkg/charts/changelog/render.go:68.3,68.101 1 0
github.com/trueforge-org/forgetool/pkg/charts/changelog/render.go:68.101,70.4 1 0
github.com/trueforge-org/forgetool/pkg/charts/changelog/render.go:73.2,74.12 2 0
github.com/trueforge-org/forgetool/pkg/charts/changelog/utils.go:25.36,30.2 4 0
github.com/trueforge-org/forgetool/pkg/charts/changelog/utils.go:32.67,35.9 3 0
github.com/trueforge-org/forgetool/pkg/charts/changelog/utils.go:35.9,37.3 1 0
github.com/trueforge-org/forgetool/pkg/charts/changelog/utils.go:37.8,39.3 1 0
github.com/trueforge-org/forgetool/pkg/charts/changelog/utils.go:42.64,47.6 5 0
github.com/trueforge-org/forgetool/pkg/charts/changelog/utils.go:47.6,48.10 1 0
github.com/trueforge-org/forgetool/pkg/charts/changelog/utils.go:49.19,50.30 1 0
github.com/trueforge-org/forgetool/pkg/charts/changelog/utils.go:51.15,52.10 1 0
github.com/trueforge-org/forgetool/pkg/charts/changelog/utils.go:57.113,63.55 6 0
github.com/trueforge-org/forgetool/pkg/charts/changelog/utils.go:63.55,65.36 1 0
github.com/trueforge-org/forgetool/pkg/charts/changelog/utils.go:65.36,67.4 1 0
github.com/trueforge-org/forgetool/pkg/charts/changelog/utils.go:69.3,72.13 3 0
github.com/trueforge-org/forgetool/pkg/charts/changelog/utils.go:73.17,74.40 1 0
github.com/trueforge-org/forgetool/pkg/charts/changelog/utils.go:74.40,76.4 1 0
github.com/trueforge-org/forgetool/pkg/charts/changelog/utils.go:79.2,80.21 2 0
github.com/trueforge-org/forgetool/pkg/charts/changelog/utils.go:86.39,89.20 2 0
github.com/trueforge-org/forgetool/pkg/charts/changelog/utils.go:89.20,92.3 2 0
github.com/trueforge-org/forgetool/pkg/charts/changelog/utils.go:93.2,93.17 1 0
github.com/trueforge-org/forgetool/pkg/charts/changelog/utils.go:98.48,100.6 2 0
github.com/trueforge-org/forgetool/pkg/charts/changelog/utils.go:100.6,101.18 1 0
github.com/trueforge-org/forgetool/pkg/charts/changelog/utils.go:101.18,103.4 1 0
github.com/trueforge-org/forgetool/pkg/charts/changelog/utils.go:104.3,104.72 1 0
github.com/trueforge-org/forgetool/pkg/charts/changelog/utils.go:104.72,106.4 1 0
github.com/trueforge-org/forgetool/pkg/charts/changelog/utils.go:108.3,108.28 1 0
github.com/trueforge-org/forgetool/pkg/charts/changelog/utils.go:112.69,114.16 2 0
github.com/trueforge-org/forgetool/pkg/charts/changelog/utils.go:114.16,116.3 1 0
github.com/trueforge-org/forgetool/pkg/charts/changelog/utils.go:117.2,118.16 2 0
github.com/trueforge-org/forgetool/pkg/charts/changelog/utils.go:118.16,120.3 1 0
github.com/trueforge-org/forgetool/pkg/charts/changelog/utils.go:121.2,122.16 2 0
github.com/trueforge-org/forgetool/pkg/charts/changelog/utils.go:122.16,124.3 1 0
github.com/trueforge-org/forgetool/pkg/charts/changelog/utils.go:125.2,125.28 1 0
github.com/trueforge-org/forgetool/pkg/charts/changelog/utils.go:132.49,134.29 2 0
github.com/trueforge-org/forgetool/pkg/charts/changelog/utils.go:134.29,135.42 1 0
github.com/trueforge-org/forgetool/pkg/charts/changelog/utils.go:135.42,138.36 2 0
github.com/trueforge-org/forgetool/pkg/charts/changelog/utils.go:138.36,140.5 1 0
github.com/trueforge-org/forgetool/pkg/charts/changelog/utils.go:141.4,141.19 1 0
github.com/trueforge-org/forgetool/pkg/charts/changelog/utils.go:144.2,144.57 1 0
github.com/trueforge-org/forgetool/pkg/charts/changelog/utils.go:147.40,149.20 2 0
github.com/trueforge-org/forgetool/pkg/charts/changelog/utils.go:149.20,152.3 2 0
github.com/trueforge-org/forgetool/pkg/charts/changelog/utils.go:153.2,153.17 1 0
github.com/trueforge-org/forgetool/partial_builds/precommit/main.go:10.13,11.71 1 0
github.com/trueforge-org/forgetool/partial_builds/precommit/main.go:11.71,14.3 2 0
github.com/trueforge-org/forgetool/cmd/adv.go:23.13,25.2 1 1
github.com/trueforge-org/forgetool/cmd/adv_gentooldocs.go:17.47,21.52 3 0
github.com/trueforge-org/forgetool/cmd/adv_gentooldocs.go:21.52,23.4 1 0
github.com/trueforge-org/forgetool/cmd/adv_gentooldocs.go:25.3,26.17 2 0
github.com/trueforge-org/forgetool/cmd/adv_gentooldocs.go:26.17,28.4 1 0
github.com/trueforge-org/forgetool/cmd/adv_gentooldocs.go:29.3,29.34 1 0
github.com/trueforge-org/forgetool/cmd/adv_gentooldocs.go:33.13,35.2 1 1
github.com/trueforge-org/forgetool/cmd/adv_precommit.go:21.47,22.72 1 0
github.com/trueforge-org/forgetool/cmd/adv_precommit.go:22.72,25.4 2 0
github.com/trueforge-org/forgetool/cmd/adv_precommit.go:29.13,31.2 1 1
github.com/trueforge-org/forgetool/cmd/adv_testcmd.go:25.47,38.42 5 0
github.com/trueforge-org/forgetool/cmd/adv_testcmd.go:38.42,40.66 2 0
github.com/trueforge-org/forgetool/cmd/adv_testcmd.go:40.66,43.5 2 0
github.com/trueforge-org/forgetool/cmd/adv_testcmd.go:48.13,50.2 1 1
github.com/trueforge-org/forgetool/cmd/charts.go:28.13,30.2 1 1
github.com/trueforge-org/forgetool/cmd/charts_bump.go:21.47,22.56 1 0
github.com/trueforge-org/forgetool/cmd/charts_bump.go:22.56,24.4 1 0
github.com/trueforge-org/forgetool/cmd/charts_bump.go:28.13,30.2 1 1
github.com/trueforge-org/forgetool/cmd/charts_deps.go:21.47,22.43 1 0
github.com/trueforge-org/forgetool/cmd/charts_deps.go:22.43,24.4 1 0
github.com/trueforge-org/forgetool/cmd/charts_deps.go:27.3,28.78 2 0
github.com/trueforge-org/forgetool/cmd/charts_deps.go:28.78,30.4 1 0
github.com/trueforge-org/forgetool/cmd/charts_deps.go:34.13,36.2 1 1
github.com/trueforge-org/forgetool/cmd/charts_genchangelog.go:21.47,22.20 1 0
github.com/trueforge-org/forgetool/cmd/charts_genchangelog.go:22.20,24.4 1 0
github.com/trueforge-org/forgetool/cmd/charts_genchangelog.go:25.3,35.41 2 0
github.com/trueforge-org/forgetool/cmd/charts_genchangelog.go:35.41,37.4 1 0
github.com/trueforge-org/forgetool/cmd/charts_genchangelog.go:38.3,38.39 1 0
github.com/trueforge-org/forgetool/cmd/charts_genchangelog.go:38.39,40.4 1 0
github.com/trueforge-org/forgetool/cmd/charts_genchangelog.go:44.13,46.2 1 1
github.com/trueforge-org/forgetool/cmd/charts_genchartlist.go:22.47,28.87 2 0
github.com/trueforge-org/forgetool/cmd/charts_genchartlist.go:28.87,30.4 1 0
github.com/trueforge-org/forgetool/cmd/charts_genchartlist.go:32.3,32.47 1 0
github.com/trueforge-org/forgetool/cmd/charts_genchartlist.go:32.47,34.4 1 0
github.com/trueforge-org/forgetool/cmd/charts_genchartlist.go:39.13,41.2 1 1
github.com/trueforge-org/forgetool/cmd/charts_genmeta.go:24.47,26.85 2 0
github.com/trueforge-org/forgetool/cmd/charts_genmeta.go:26.85,29.4 2 0
github.com/trueforge-org/forgetool/cmd/charts_genmeta.go:33.3,36.17 3 0
github.com/trueforge-org/forgetool/cmd/charts_genmeta.go:36.17,38.4 1 0
github.com/trueforge-org/forgetool/cmd/charts_genmeta.go:42.13,44.2 1 1
github.com/trueforge-org/forgetool/cmd/charts_tagclean.go:22.47,24.17 2 0
github.com/trueforge-org/forgetool/cmd/charts_tagclean.go:24.17,26.4 1 0
github.com/trueforge-org/forgetool/cmd/charts_tagclean.go:30.13,32.2 1 1
github.com/trueforge-org/forgetool/cmd/checkcrypt.go:25.47,26.74 1 0
github.com/trueforge-org/forgetool/cmd/checkcrypt.go:26.74,29.4 2 0
github.com/trueforge-org/forgetool/cmd/checkcrypt.go:33.13,35.2 1 1
github.com/trueforge-org/forgetool/cmd/cluster.go:23.13,25.2 1 1
github.com/trueforge-org/forgetool/cmd/cluster_genconfig.go:24.47,27.3 1 0
github.com/trueforge-org/forgetool/cmd/cluster_genconfig.go:30.13,32.2 1 1
github.com/trueforge-org/forgetool/cmd/cluster_init.go:25.47,30.3 2 0
github.com/trueforge-org/forgetool/cmd/cluster_init.go:33.13,35.2 1 1
github.com/trueforge-org/forgetool/cmd/decrypt.go:22.47,23.45 1 0
github.com/trueforge-org/forgetool/cmd/decrypt.go:23.45,25.4 1 0
github.com/trueforge-org/forgetool/cmd/decrypt.go:29.13,31.2 1 1
github.com/trueforge-org/forgetool/cmd/encrypt.go:22.47,23.48 1 0
github.com/trueforge-org/forgetool/cmd/encrypt.go:23.48,25.4 1 0
github.com/trueforge-org/forgetool/cmd/encrypt.go:29.13,31.2 1 1
github.com/trueforge-org/forgetool/cmd/flux.go:24.13,26.2 1 1
github.com/trueforge-org/forgetool/cmd/flux_bootstrap.go:23.47,26.45 2 0
github.com/trueforge-org/forgetool/cmd/flux_bootstrap.go:26.45,28.4 1 0
github.com/trueforge-org/forgetool/cmd/flux_bootstrap.go:29.3,30.33 2 0
github.com/trueforge-org/forgetool/cmd/flux_bootstrap.go:34.13,36.2 1 1
github.com/trueforge-org/forgetool/cmd/helmrelease.go:24.13,26.2 1 1
github.com/trueforge-org/forgetool/cmd/helmrelease_install.go:21.47,27.95 3 0
github.com/trueforge-org/forgetool/cmd/helmrelease_install.go:27.95,29.4 1 0
github.com/trueforge-org/forgetool/cmd/helmrelease_install.go:29.9,31.4 1 0
github.com/trueforge-org/forgetool/cmd/helmrelease_install.go:32.3,38.66 4 0
github.com/trueforge-org/forgetool/cmd/helmrelease_install.go:42.13,44.2 1 1
github.com/trueforge-org/forgetool/cmd/helmrelease_upgrade.go:22.47,28.95 3 0
github.com/trueforge-org/forgetool/cmd/helmrelease_upgrade.go:28.95,30.4 1 0
github.com/trueforge-org/forgetool/cmd/helmrelease_upgrade.go:30.9,32.4 1 0
github.com/trueforge-org/forgetool/cmd/helmrelease_upgrade.go:33.3,39.66 4 0
github.com/trueforge-org/forgetool/cmd/helmrelease_upgrade.go:43.13,45.2 1 1
github.com/trueforge-org/forgetool/cmd/info.go:28.47,30.3 1 0
github.com/trueforge-org/forgetool/cmd/info.go:33.13,35.2 1 1
github.com/trueforge-org/forgetool/cmd/root.go:23.13,26.2 1 1
github.com/trueforge-org/forgetool/cmd/root.go:28.22,33.30 2 0
github.com/trueforge-org/forgetool/cmd/root.go:33.30,43.3 9 0
github.com/trueforge-org/forgetool/cmd/root.go:46.2,46.26 1 0
github.com/trueforge-org/forgetool/cmd/talos.go:24.13,26.2 1 1
github.com/trueforge-org/forgetool/cmd/talos_apply.go:53.47,57.20 3 0
github.com/trueforge-org/forgetool/cmd/talos_apply.go:57.20,59.4 1 0
github.com/trueforge-org/forgetool/cmd/talos_apply.go:60.3,60.21 1 0
github.com/trueforge-org/forgetool/cmd/talos_apply.go:60.21,62.24 2 0
github.com/trueforge-org/forgetool/cmd/talos_apply.go:62.24,64.5 1 0
github.com/trueforge-org/forgetool/cmd/talos_apply.go:67.3,67.45 1 0
github.com/trueforge-org/forgetool/cmd/talos_apply.go:67.45,69.4 1 0
github.com/trueforge-org/forgetool/cmd/talos_apply.go:71.3,77.17 6 0
github.com/trueforge-org/forgetool/cmd/talos_apply.go:77.18,79.4 0 0
github.com/trueforge-org/forgetool/cmd/talos_apply.go:79.9,79.37 1 0
github.com/trueforge-org/forgetool/cmd/talos_apply.go:79.37,81.18 2 0
github.com/trueforge-org/forgetool/cmd/talos_apply.go:81.19,83.5 0 0
github.com/trueforge-org/forgetool/cmd/talos_apply.go:83.10,83.30 1 0
github.com/trueforge-org/forgetool/cmd/talos_apply.go:83.30,85.76 2 0
github.com/trueforge-org/forgetool/cmd/talos_apply.go:85.76,87.114 2 0
github.com/trueforge-org/forgetool/cmd/talos_apply.go:87.114,89.7 1 0
github.com/trueforge-org/forgetool/cmd/talos_apply.go:90.11,92.6 1 0
github.com/trueforge-org/forgetool/cmd/talos_apply.go:94.10,98.5 3 0
github.com/trueforge-org/forgetool/cmd/talos_apply.go:100.9,100.33 1 0
github.com/trueforge-org/forgetool/cmd/talos_apply.go:100.33,103.4 2 0
github.com/trueforge-org/forgetool/cmd/talos_apply.go:107.65,111.16 3 0
github.com/trueforge-org/forgetool/cmd/talos_apply.go:111.16,114.3 2 0
github.com/trueforge-org/forgetool/cmd/talos_apply.go:121.13,123.2 1 1
github.com/trueforge-org/forgetool/cmd/talos_bootstrap.go:25.55,26.121 1 0
github.com/trueforge-org/forgetool/cmd/talos_bootstrap.go:26.121,30.3 3 0
github.com/trueforge-org/forgetool/cmd/talos_bootstrap.go:30.8,33.3 2 0
github.com/trueforge-org/forgetool/cmd/talos_bootstrap.go:36.13,38.2 1 1
github.com/trueforge-org/forgetool/cmd/talos_health.go:24.47,25.45 1 0
github.com/trueforge-org/forgetool/cmd/talos_health.go:25.45,27.4 1 0
github.com/trueforge-org/forgetool/cmd/talos_health.go:28.3,32.31 5 0
github.com/trueforge-org/forgetool/cmd/talos_health.go:36.13,38.2 1 1
github.com/trueforge-org/forgetool/cmd/talos_kubeconfig.go:24.47,28.20 3 0
github.com/trueforge-org/forgetool/cmd/talos_kubeconfig.go:28.20,30.4 1 0
github.com/trueforge-org/forgetool/cmd/talos_kubeconfig.go:31.3,31.21 1 0
github.com/trueforge-org/forgetool/cmd/talos_kubeconfig.go:31.21,33.24 2 0
github.com/trueforge-org/forgetool/cmd/talos_kubeconfig.go:33.24,35.5 1 0
github.com/trueforge-org/forgetool/cmd/talos_kubeconfig.go:38.3,38.45 1 0
github.com/trueforge-org/forgetool/cmd/talos_kubeconfig.go:38.45,40.4 1 0
github.com/trueforge-org/forgetool/cmd/talos_kubeconfig.go:41.3,46.35 5 0
github.com/trueforge-org/forgetool/cmd/talos_kubeconfig.go:51.13,53.2 1 1
github.com/trueforge-org/forgetool/cmd/talos_reset.go:23.47,27.20 3 0
github.com/trueforge-org/forgetool/cmd/talos_reset.go:27.20,29.4 1 0
github.com/trueforge-org/forgetool/cmd/talos_reset.go:30.3,30.21 1 0
github.com/trueforge-org/forgetool/cmd/talos_reset.go:30.21,32.24 2 0
github.com/trueforge-org/forgetool/cmd/talos_reset.go:32.24,34.5 1 0
github.com/trueforge-org/forgetool/cmd/talos_reset.go:37.3,37.45 1 0
github.com/trueforge-org/forgetool/cmd/talos_reset.go:37.45,39.4 1 0
github.com/trueforge-org/forgetool/cmd/talos_reset.go:40.3,46.35 5 0
github.com/trueforge-org/forgetool/cmd/talos_reset.go:51.13,53.2 1 1
github.com/trueforge-org/forgetool/cmd/talos_upgrade.go:28.47,32.20 3 0
github.com/trueforge-org/forgetool/cmd/talos_upgrade.go:32.20,34.4 1 0
github.com/trueforge-org/forgetool/cmd/talos_upgrade.go:35.3,35.21 1 0
github.com/trueforge-org/forgetool/cmd/talos_upgrade.go:35.21,37.24 2 0
github.com/trueforge-org/forgetool/cmd/talos_upgrade.go:37.24,39.5 1 0
github.com/trueforge-org/forgetool/cmd/talos_upgrade.go:42.3,42.45 1 0
github.com/trueforge-org/forgetool/cmd/talos_upgrade.go:42.45,44.4 1 0
github.com/trueforge-org/forgetool/cmd/talos_upgrade.go:45.3,59.36 11 0
github.com/trueforge-org/forgetool/cmd/talos_upgrade.go:64.13,66.2 1 1
github.com/trueforge-org/forgetool/pkg/charts/chartFile/chart_file.go:82.32,86.2 1 30
github.com/trueforge-org/forgetool/pkg/charts/chartFile/chart_file.go:89.57,91.73 1 8
github.com/trueforge-org/forgetool/pkg/charts/chartFile/chart_file.go:91.73,93.3 1 2
github.com/trueforge-org/forgetool/pkg/charts/chartFile/chart_file.go:96.2,96.55 1 6
github.com/trueforge-org/forgetool/pkg/charts/chartFile/chart_file.go:96.55,98.3 1 1
github.com/trueforge-org/forgetool/pkg/charts/chartFile/chart_file.go:101.2,106.52 3 5
github.com/trueforge-org/forgetool/pkg/charts/chartFile/chart_file.go:106.52,108.3 1 1
github.com/trueforge-org/forgetool/pkg/charts/chartFile/chart_file.go:110.2,110.12 1 4
github.com/trueforge-org/forgetool/pkg/charts/chartFile/chart_file.go:114.40,131.35 10 6
github.com/trueforge-org/forgetool/pkg/charts/chartFile/chart_file.go:131.35,133.3 1 6
github.com/trueforge-org/forgetool/pkg/charts/chartFile/chart_file.go:135.2,139.59 5 6
github.com/trueforge-org/forgetool/pkg/charts/chartFile/chart_file.go:145.55,150.52 2 3
github.com/trueforge-org/forgetool/pkg/charts/chartFile/chart_file.go:150.52,152.3 1 1
github.com/trueforge-org/forgetool/pkg/charts/chartFile/chart_file.go:154.2,156.16 3 2
github.com/trueforge-org/forgetool/pkg/charts/chartFile/chart_file.go:156.16,158.3 1 0
github.com/trueforge-org/forgetool/pkg/charts/chartFile/chart_file.go:161.2,162.16 2 2
github.com/trueforge-org/forgetool/pkg/charts/chartFile/chart_file.go:162.16,164.3 1 1
github.com/trueforge-org/forgetool/pkg/charts/chartFile/chart_file.go:166.2,166.12 1 1
github.com/trueforge-org/forgetool/pkg/charts/chartFile/chart_file.go:170.66,171.67 1 33
github.com/trueforge-org/forgetool/pkg/charts/chartFile/chart_file.go:171.67,173.3 1 32
github.com/trueforge-org/forgetool/pkg/charts/chartFile/chart_file.go:177.38,178.28 1 8
github.com/trueforge-org/forgetool/pkg/charts/chartFile/chart_file.go:178.28,180.3 1 7
github.com/trueforge-org/forgetool/pkg/charts/chartFile/chart_file.go:184.42,185.27 1 8
github.com/trueforge-org/forgetool/pkg/charts/chartFile/chart_file.go:185.27,187.3 1 2
github.com/trueforge-org/forgetool/pkg/charts/chartFile/chart_file.go:191.42,192.27 1 8
github.com/trueforge-org/forgetool/pkg/charts/chartFile/chart_file.go:192.27,194.3 1 2
github.com/trueforge-org/forgetool/pkg/charts/chartFile/chart_file.go:198.56,199.34 1 8
github.com/trueforge-org/forgetool/pkg/charts/chartFile/chart_file.go:199.34,201.3 1 2
github.com/trueforge-org/forgetool/pkg/charts/chartFile/chart_file.go:205.54,206.33 1 8
github.com/trueforge-org/forgetool/pkg/charts/chartFile/chart_file.go:206.33,208.3 1 2
github.com/trueforge-org/forgetool/pkg/charts/chartFile/chart_file.go:212.43,213.27 1 8
github.com/trueforge-org/forgetool/pkg/charts/chartFile/chart_file.go:213.27,215.3 1 7
github.com/trueforge-org/forgetool/pkg/charts/chartFile/chart_file.go:219.54,221.2 1 8
github.com/trueforge-org/forgetool/pkg/charts/chartFile/chart_file.go:224.56,226.2 1 8
github.com/trueforge-org/forgetool/pkg/charts/chartFile/chart_file.go:229.60,232.2 2 8
github.com/trueforge-org/forgetool/pkg/charts/chartFile/updater.go:18.60,20.16 2 0
github.com/trueforge-org/forgetool/pkg/charts/chartFile/updater.go:20.16,22.3 1 0
github.com/trueforge-org/forgetool/pkg/charts/chartFile/updater.go:24.2,25.22 2 0
github.com/trueforge-org/forgetool/pkg/charts/chartFile/updater.go:25.22,27.3 1 0
github.com/trueforge-org/forgetool/pkg/charts/chartFile/updater.go:29.2,31.54 3 0
github.com/trueforge-org/forgetool/pkg/charts/chartFile/updater.go:31.54,33.3 1 0
github.com/trueforge-org/forgetool/pkg/charts/chartFile/updater.go:35.2,35.39 1 0
github.com/trueforge-org/forgetool/pkg/charts/chartFile/updater.go:35.39,37.3 1 0
github.com/trueforge-org/forgetool/pkg/charts/chartFile/updater.go:39.2,44.101 4 0
github.com/trueforge-org/forgetool/pkg/charts/chartFile/updater.go:44.101,46.3 1 0
github.com/trueforge-org/forgetool/pkg/charts/chartFile/updater.go:47.2,50.43 3 0
github.com/trueforge-org/forgetool/pkg/charts/chartFile/updater.go:50.43,52.3 1 0
github.com/trueforge-org/forgetool/pkg/charts/chartFile/updater.go:55.2,55.64 1 0
github.com/trueforge-org/forgetool/pkg/charts/chartFile/updater.go:55.64,57.3 1 0
github.com/trueforge-org/forgetool/pkg/charts/chartFile/updater.go:60.2,60.77 1 0
github.com/trueforge-org/forgetool/pkg/charts/chartFile/updater.go:60.77,63.17 3 0
github.com/trueforge-org/forgetool/pkg/charts/chartFile/updater.go:63.17,65.4 1 0
github.com/trueforge-org/forgetool/pkg/charts/chartFile/updater.go:66.3,66.38 1 0
github.com/trueforge-org/forgetool/pkg/charts/chartFile/updater.go:70.2,70.52 1 0
github.com/trueforge-org/forgetool/pkg/charts/chartFile/updater.go:70.52,72.3 1 0
github.com/trueforge-org/forgetool/pkg/charts/chartFile/updater.go:74.2,77.25 3 0
github.com/trueforge-org/forgetool/pkg/charts/chartFile/updater.go:77.25,79.3 1 0
github.com/trueforge-org/forgetool/pkg/charts/chartFile/updater.go:82.2,83.22 2 0
github.com/trueforge-org/forgetool/pkg/charts/chartFile/updater.go:83.22,86.3 2 0
github.com/trueforge-org/forgetool/pkg/charts/chartFile/updater.go:89.2,90.26 2 0
github.com/trueforge-org/forgetool/pkg/charts/chartFile/updater.go:90.26,93.3 2 0
github.com/trueforge-org/forgetool/pkg/charts/chartFile/updater.go:94.2,94.12 1 0
github.com/trueforge-org/forgetool/pkg/charts/chartFile/updater.go:97.83,99.13 2 2
github.com/trueforge-org/forgetool/pkg/charts/chartFile/updater.go:99.13,102.3 2 1
github.com/trueforge-org/forgetool/pkg/charts/chartFile/updater.go:104.2,105.50 2 1
github.com/trueforge-org/forgetool/pkg/charts/chartFile/updater.go:109.55,116.21 2 3
github.com/trueforge-org/forgetool/pkg/charts/chartFile/updater.go:116.21,118.3 1 1
github.com/trueforge-org/forgetool/pkg/charts/chartFile/updater.go:122.2,123.11 2 2
github.com/trueforge-org/forgetool/pkg/charts/chartFile/updater.go:126.58,130.17 2 3
github.com/trueforge-org/forgetool/pkg/charts/chartFile/updater.go:130.17,132.79 1 2
github.com/trueforge-org/forgetool/pkg/charts/chartFile/updater.go:132.79,134.4 1 1
github.com/trueforge-org/forgetool/pkg/charts/chartFile/updater.go:134.9,137.4 2 1
github.com/trueforge-org/forgetool/pkg/charts/chartFile/updater.go:140.2,140.14 1 3
github.com/trueforge-org/forgetool/pkg/charts/chartFile/updater.go:143.50,147.2 3 1
github.com/trueforge-org/forgetool/pkg/charts/chartFile/updater.go:150.79,155.48 2 1
github.com/trueforge-org/forgetool/pkg/charts/chartFile/updater.go:155.48,169.42 1 16
github.com/trueforge-org/forgetool/pkg/charts/chartFile/updater.go:169.42,170.20 1 3
github.com/trueforge-org/forgetool/pkg/charts/chartFile/updater.go:170.20,173.5 2 2
github.com/trueforge-org/forgetool/pkg/charts/chartFile/updater.go:178.2,187.40 6 1
github.com/trueforge-org/forgetool/pkg/charts/chartFile/updater.go:187.40,189.19 1 6
github.com/trueforge-org/forgetool/pkg/charts/chartFile/updater.go:189.19,190.12 1 1
github.com/trueforge-org/forgetool/pkg/charts/chartFile/updater.go:193.3,193.55 1 5
github.com/trueforge-org/forgetool/pkg/charts/chartFile/updater.go:193.55,194.12 1 1
github.com/trueforge-org/forgetool/pkg/charts/chartFile/updater.go:198.3,199.46 2 4
github.com/trueforge-org/forgetool/pkg/charts/chartFile/updater.go:203.2,208.12 3 1
github.com/trueforge-org/forgetool/pkg/charts/info/info.go:20.22,27.35 3 0
github.com/trueforge-org/forgetool/pkg/charts/info/info.go:27.35,28.17 1 0
github.com/trueforge-org/forgetool/pkg/charts/info/info.go:29.17,30.26 1 0
github.com/trueforge-org/forgetool/pkg/charts/info/info.go:31.15,32.24 1 0
github.com/trueforge-org/forgetool/pkg/charts/info/info.go:33.22,34.30 1 0
github.com/trueforge-org/forgetool/pkg/charts/info/info.go:35.23,36.29 1 0
github.com/trueforge-org/forgetool/pkg/charts/info/info.go:37.19,38.56 1 0
github.com/trueforge-org/forgetool/pkg/charts/info/info.go:39.23,40.38 1 0
github.com/trueforge-org/forgetool/pkg/charts/info/info.go:44.2,44.13 1 0
github.com/trueforge-org/forgetool/pkg/charts/info/info.go:47.24,61.2 1 0
github.com/trueforge-org/forgetool/pkg/charts/helmignore/helmignore.go:11.70,18.16 4 0
github.com/trueforge-org/forgetool/pkg/charts/helmignore/helmignore.go:18.16,20.3 1 0
github.com/trueforge-org/forgetool/pkg/charts/helmignore/helmignore.go:23.2,24.16 2 0
github.com/trueforge-org/forgetool/pkg/charts/helmignore/helmignore.go:24.16,26.3 1 0
github.com/trueforge-org/forgetool/pkg/charts/helmignore/helmignore.go:28.2,29.12 2 0
github.com/trueforge-org/forgetool/pkg/charts/image/cleanup.go:32.43,35.15 2 46
github.com/trueforge-org/forgetool/pkg/charts/image/cleanup.go:35.15,37.3 1 2
github.com/trueforge-org/forgetool/pkg/charts/image/cleanup.go:40.2,44.36 3 44
github.com/trueforge-org/forgetool/pkg/charts/image/cleanup.go:44.36,46.3 1 23
github.com/trueforge-org/forgetool/pkg/charts/image/cleanup.go:48.2,48.9 1 21
github.com/trueforge-org/forgetool/pkg/charts/image/cleanup.go:49.39,50.26 1 1
github.com/trueforge-org/forgetool/pkg/charts/image/cleanup.go:51.36,52.23 1 2
github.com/trueforge-org/forgetool/pkg/charts/image/cleanup.go:53.50,54.37 1 1
github.com/trueforge-org/forgetool/pkg/charts/image/cleanup.go:55.44,56.31 1 2
github.com/trueforge-org/forgetool/pkg/charts/image/cleanup.go:57.48,58.35 1 3
github.com/trueforge-org/forgetool/pkg/charts/image/cleanup.go:59.53,60.39 1 1
github.com/trueforge-org/forgetool/pkg/charts/image/cleanup.go:61.45,62.32 1 5
github.com/trueforge-org/forgetool/pkg/charts/image/cleanup.go:68.2,68.32 1 21
github.com/trueforge-org/forgetool/pkg/charts/image/cleanup.go:68.32,70.10 2 4
github.com/trueforge-org/forgetool/pkg/charts/image/cleanup.go:71.44,72.18 1 2
github.com/trueforge-org/forgetool/pkg/charts/image/cleanup.go:73.54,74.18 1 2
github.com/trueforge-org/forgetool/pkg/charts/image/cleanup.go:79.2,79.46 1 21
github.com/trueforge-org/forgetool/pkg/charts/image/cleanup.go:79.46,81.3 1 16
github.com/trueforge-org/forgetool/pkg/charts/image/cleanup.go:83.2,83.50 1 21
github.com/trueforge-org/forgetool/pkg/charts/image/cleanup.go:83.50,85.3 1 1
github.com/trueforge-org/forgetool/pkg/charts/image/cleanup.go:87.2,87.37 1 20
github.com/trueforge-org/forgetool/pkg/charts/image/cleanup.go:87.37,89.3 1 6
github.com/trueforge-org/forgetool/pkg/charts/image/cleanup.go:92.2,92.17 1 20
github.com/trueforge-org/forgetool/pkg/charts/image/cleanup.go:95.30,98.16 2 0
github.com/trueforge-org/forgetool/pkg/charts/image/cleanup.go:98.16,100.3 1 0
github.com/trueforge-org/forgetool/pkg/charts/image/cleanup.go:102.2,103.12 2 0
github.com/trueforge-org/forgetool/pkg/charts/image/cleanup.go:106.45,107.62 1 23
github.com/trueforge-org/forgetool/pkg/charts/image/cleanup.go:107.62,109.3 1 2
github.com/trueforge-org/forgetool/pkg/charts/image/cleanup.go:110.2,110.12 1 21
github.com/trueforge-org/forgetool/pkg/charts/image/cleanup.go:115.51,117.2 1 1
github.com/trueforge-org/forgetool/pkg/charts/image/cleanup.go:121.38,127.2 4 1
github.com/trueforge-org/forgetool/pkg/charts/image/cleanup.go:131.35,135.2 2 2
github.com/trueforge-org/forgetool/pkg/charts/image/cleanup.go:139.43,142.25 3 2
github.com/trueforge-org/forgetool/pkg/charts/image/cleanup.go:142.25,144.3 1 5
github.com/trueforge-org/forgetool/pkg/charts/image/cleanup.go:145.2,145.21 1 2
github.com/trueforge-org/forgetool/pkg/charts/image/cleanup.go:145.21,147.3 1 1
github.com/trueforge-org/forgetool/pkg/charts/image/cleanup.go:148.2,150.12 2 2
github.com/trueforge-org/forgetool/pkg/charts/image/cleanup.go:156.47,158.9 2 19
github.com/trueforge-org/forgetool/pkg/charts/image/cleanup.go:159.23,160.19 1 2
github.com/trueforge-org/forgetool/pkg/charts/image/cleanup.go:161.23,162.21 1 1
github.com/trueforge-org/forgetool/pkg/charts/image/cleanup.go:165.2,165.12 1 19
github.com/trueforge-org/forgetool/pkg/charts/image/cleanup.go:170.44,172.2 1 49
github.com/trueforge-org/forgetool/pkg/charts/image/cleanup.go:176.34,178.2 1 44
github.com/trueforge-org/forgetool/pkg/charts/image/cleanup.go:182.49,187.2 3 1
github.com/trueforge-org/forgetool/pkg/charts/image/image.go:31.56,36.73 2 4
github.com/trueforge-org/forgetool/pkg/charts/image/image.go:36.73,38.3 1 1
github.com/trueforge-org/forgetool/pkg/charts/image/image.go:41.2,43.27 3 3
github.com/trueforge-org/forgetool/pkg/charts/image/image.go:43.27,46.50 2 18
github.com/trueforge-org/forgetool/pkg/charts/image/image.go:46.50,48.4 1 0
github.com/trueforge-org/forgetool/pkg/charts/image/image.go:51.3,55.17 3 18
github.com/trueforge-org/forgetool/pkg/charts/image/image.go:55.17,57.4 1 0
github.com/trueforge-org/forgetool/pkg/charts/image/image.go:59.3,62.25 2 18
github.com/trueforge-org/forgetool/pkg/charts/image/image.go:65.2,65.12 1 3
github.com/trueforge-org/forgetool/pkg/charts/image/image.go:68.56,74.27 2 3
github.com/trueforge-org/forgetool/pkg/charts/image/image.go:74.27,75.29 1 19
github.com/trueforge-org/forgetool/pkg/charts/image/image.go:75.29,77.12 2 1
github.com/trueforge-org/forgetool/pkg/charts/image/image.go:80.3,80.34 1 18
github.com/trueforge-org/forgetool/pkg/charts/image/image.go:80.34,82.4 1 18
github.com/trueforge-org/forgetool/pkg/charts/image/image.go:85.2,85.21 1 3
github.com/trueforge-org/forgetool/pkg/charts/image/image.go:89.46,92.9 2 18
github.com/trueforge-org/forgetool/pkg/charts/image/image.go:93.61,95.58 2 1
github.com/trueforge-org/forgetool/pkg/charts/image/image.go:96.74,98.83 2 0
github.com/trueforge-org/forgetool/pkg/charts/image/image.go:99.59,101.68 2 1
github.com/trueforge-org/forgetool/pkg/charts/image/image.go:102.56,104.65 2 2
github.com/trueforge-org/forgetool/pkg/charts/image/image.go:105.49,106.22 1 1
github.com/trueforge-org/forgetool/pkg/charts/image/image.go:107.49,108.22 1 1
github.com/trueforge-org/forgetool/pkg/charts/image/image.go:109.48,110.22 1 1
github.com/trueforge-org/forgetool/pkg/charts/image/image.go:111.52,114.51 3 1
github.com/trueforge-org/forgetool/pkg/charts/image/image.go:115.49,116.14 1 1
github.com/trueforge-org/forgetool/pkg/charts/image/image.go:117.10,126.87 6 9
github.com/trueforge-org/forgetool/pkg/charts/image/image.go:126.87,129.4 2 2
github.com/trueforge-org/forgetool/pkg/charts/image/image.go:132.3,133.18 2 9
github.com/trueforge-org/forgetool/pkg/charts/image/image.go:133.18,136.4 2 2
github.com/trueforge-org/forgetool/pkg/charts/image/image.go:139.2,139.18 1 18
github.com/trueforge-org/forgetool/pkg/charts/image/image.go:139.18,142.3 2 3
github.com/trueforge-org/forgetool/pkg/charts/image/image.go:144.2,145.21 2 15
github.com/trueforge-org/forgetool/pkg/charts/deps/deps.go:19.25,21.64 2 0
github.com/trueforge-org/forgetool/pkg/charts/deps/deps.go:21.64,23.3 1 0
github.com/trueforge-org/forgetool/pkg/charts/deps/deps.go:25.2,27.62 3 0
github.com/trueforge-org/forgetool/pkg/charts/deps/deps.go:27.62,29.3 1 0
github.com/trueforge-org/forgetool/pkg/charts/deps/deps.go:31.2,33.62 3 0
github.com/trueforge-org/forgetool/pkg/charts/deps/deps.go:33.62,35.3 1 0
github.com/trueforge-org/forgetool/pkg/charts/deps/deps.go:37.2,38.12 2 0
github.com/trueforge-org/forgetool/pkg/charts/deps/deps.go:41.50,43.16 2 0
github.com/trueforge-org/forgetool/pkg/charts/deps/deps.go:43.16,46.3 2 0
github.com/trueforge-org/forgetool/pkg/charts/deps/deps.go:47.2,50.16 3 0
github.com/trueforge-org/forgetool/pkg/charts/deps/deps.go:50.16,53.3 2 0
github.com/trueforge-org/forgetool/pkg/charts/deps/deps.go:55.2,56.16 2 0
github.com/trueforge-org/forgetool/pkg/charts/deps/deps.go:56.16,59.3 2 0
github.com/trueforge-org/forgetool/pkg/charts/deps/deps.go:61.2,61.12 1 0
github.com/trueforge-org/forgetool/pkg/charts/deps/deps.go:65.72,67.39 2 0
github.com/trueforge-org/forgetool/pkg/charts/deps/deps.go:67.39,70.3 2 0
github.com/trueforge-org/forgetool/pkg/charts/deps/deps.go:72.2,72.45 1 0
github.com/trueforge-org/forgetool/pkg/charts/deps/deps.go:72.45,75.3 2 0
github.com/trueforge-org/forgetool/pkg/charts/deps/deps.go:77.2,81.16 3 0
github.com/trueforge-org/forgetool/pkg/charts/deps/deps.go:81.16,83.3 1 0
github.com/trueforge-org/forgetool/pkg/charts/deps/deps.go:86.2,88.16 3 0
github.com/trueforge-org/forgetool/pkg/charts/deps/deps.go:88.16,90.3 1 0
github.com/trueforge-org/forgetool/pkg/charts/deps/deps.go:92.2,94.12 2 0
github.com/trueforge-org/forgetool/pkg/charts/deps/deps.go:98.102,100.45 2 0
github.com/trueforge-org/forgetool/pkg/charts/deps/deps.go:100.45,103.3 2 0
github.com/trueforge-org/forgetool/pkg/charts/deps/deps.go:105.2,109.63 3 0
github.com/trueforge-org/forgetool/pkg/charts/deps/deps.go:109.63,111.3 1 0
github.com/trueforge-org/forgetool/pkg/charts/deps/deps.go:114.2,115.87 2 0
github.com/trueforge-org/forgetool/pkg/charts/deps/deps.go:115.87,117.3 1 0
github.com/trueforge-org/forgetool/pkg/charts/deps/deps.go:119.2,119.45 1 0
github.com/trueforge-org/forgetool/pkg/charts/deps/deps.go:119.45,121.3 1 0
github.com/trueforge-org/forgetool/pkg/charts/deps/deps.go:121.8,123.3 1 0
github.com/trueforge-org/forgetool/pkg/charts/deps/deps.go:125.2,125.12 1 0
github.com/trueforge-org/forgetool/pkg/charts/deps/deps.go:129.105,137.69 5 0
github.com/trueforge-org/forgetool/pkg/charts/deps/deps.go:137.69,139.3 1 0
github.com/trueforge-org/forgetool/pkg/charts/deps/deps.go:141.2,141.66 1 0
github.com/trueforge-org/forgetool/pkg/charts/deps/deps.go:141.66,143.3 1 0
github.com/trueforge-org/forgetool/pkg/charts/deps/deps.go:145.2,146.12 2 0
github.com/trueforge-org/forgetool/pkg/charts/deps/deps.go:149.63,154.16 4 0
github.com/trueforge-org/forgetool/pkg/charts/deps/deps.go:154.16,156.3 1 0
github.com/trueforge-org/forgetool/pkg/charts/deps/deps.go:158.2,163.69 4 0
github.com/trueforge-org/forgetool/pkg/charts/deps/deps.go:163.69,165.3 1 0
github.com/trueforge-org/forgetool/pkg/charts/deps/deps.go:168.2,168.54 1 0
github.com/trueforge-org/forgetool/pkg/charts/deps/deps.go:168.54,182.68 11 0
github.com/trueforge-org/forgetool/pkg/charts/deps/deps.go:182.68,184.4 1 0
github.com/trueforge-org/forgetool/pkg/charts/deps/deps.go:186.3,186.64 1 0
github.com/trueforge-org/forgetool/pkg/charts/deps/deps.go:186.64,188.4 1 0
github.com/trueforge-org/forgetool/pkg/charts/deps/deps.go:190.3,190.80 1 0
github.com/trueforge-org/forgetool/pkg/charts/deps/deps.go:190.80,192.4 1 0
github.com/trueforge-org/forgetool/pkg/charts/deps/deps.go:194.3,194.83 1 0
github.com/trueforge-org/forgetool/pkg/charts/deps/deps.go:194.83,196.4 1 0
github.com/trueforge-org/forgetool/pkg/charts/deps/deps.go:198.3,198.46 1 0
github.com/trueforge-org/forgetool/pkg/charts/deps/deps.go:201.2,202.12 2 0
github.com/trueforge-org/forgetool/pkg/charts/readme/readme.go:12.98,19.16 4 0
github.com/trueforge-org/forgetool/pkg/charts/readme/readme.go:19.16,21.3 1 0
github.com/trueforge-org/forgetool/pkg/charts/readme/readme.go:24.2,29.16 4 0
github.com/trueforge-org/forgetool/pkg/charts/readme/readme.go:29.16,31.3 1 0
github.com/trueforge-org/forgetool/pkg/charts/readme/readme.go:33.2,34.12 2 0
github.com/trueforge-org/forgetool/pkg/charts/valuesYaml/parse.go:56.34,60.2 1 0
github.com/trueforge-org/forgetool/pkg/charts/valuesYaml/parse.go:63.58,64.16 1 0
github.com/trueforge-org/forgetool/pkg/charts/valuesYaml/parse.go:64.16,66.3 1 0
github.com/trueforge-org/forgetool/pkg/charts/valuesYaml/parse.go:68.2,68.73 1 0
github.com/trueforge-org/forgetool/pkg/charts/valuesYaml/parse.go:68.73,70.3 1 0
github.com/trueforge-org/forgetool/pkg/charts/valuesYaml/parse.go:73.2,73.53 1 0
github.com/trueforge-org/forgetool/pkg/charts/valuesYaml/parse.go:73.53,75.3 1 0
github.com/trueforge-org/forgetool/pkg/charts/valuesYaml/parse.go:82.2,90.12 2 0
github.com/trueforge-org/forgetool/pkg/charts/valuesYaml/parse.go:94.42,96.2 0 0
github.com/trueforge-org/forgetool/pkg/charts/valuesYaml/parse.go:99.56,102.16 2 0
github.com/trueforge-org/forgetool/pkg/charts/valuesYaml/parse.go:102.16,104.3 1 0
github.com/trueforge-org/forgetool/pkg/charts/valuesYaml/parse.go:107.2,108.16 2 0
github.com/trueforge-org/forgetool/pkg/charts/valuesYaml/parse.go:108.16,110.3 1 0
github.com/trueforge-org/forgetool/pkg/charts/valuesYaml/parse.go:112.2,112.12 1 0
github.com/trueforge-org/forgetool/pkg/charts/valuesYaml/updater.go:12.62,17.16 4 0
github.com/trueforge-org/forgetool/pkg/charts/valuesYaml/updater.go:17.16,19.3 1 0
github.com/trueforge-org/forgetool/pkg/charts/valuesYaml/updater.go:21.2,21.22 1 0
github.com/trueforge-org/forgetool/pkg/charts/valuesYaml/updater.go:21.22,23.3 1 0
github.com/trueforge-org/forgetool/pkg/charts/valuesYaml/updater.go:23.8,26.3 1 0
github.com/trueforge-org/forgetool/pkg/charts/valuesYaml/updater.go:27.2,31.56 4 0
github.com/trueforge-org/forgetool/pkg/charts/valuesYaml/updater.go:31.56,34.3 2 0
github.com/trueforge-org/forgetool/pkg/charts/valuesYaml/updater.go:37.2,37.54 1 0
github.com/trueforge-org/forgetool/pkg/charts/valuesYaml/updater.go:37.54,39.3 1 0
github.com/trueforge-org/forgetool/pkg/charts/valuesYaml/updater.go:41.2,43.12 2 0
github.com/trueforge-org/forgetool/pkg/charts/version/bump.go:17.61,20.41 2 5
github.com/trueforge-org/forgetool/pkg/charts/version/bump.go:20.41,22.3 1 1
github.com/trueforge-org/forgetool/pkg/charts/version/bump.go:24.2,25.16 2 4
github.com/trueforge-org/forgetool/pkg/charts/version/bump.go:25.16,27.3 1 0
github.com/trueforge-org/forgetool/pkg/charts/version/bump.go:30.2,30.14 1 4
github.com/trueforge-org/forgetool/pkg/charts/version/bump.go:31.13,32.36 1 1
github.com/trueforge-org/forgetool/pkg/charts/version/bump.go:33.13,34.36 1 1
github.com/trueforge-org/forgetool/pkg/charts/version/bump.go:35.13,36.36 1 1
github.com/trueforge-org/forgetool/pkg/charts/version/bump.go:37.10,38.55 1 1
github.com/trueforge-org/forgetool/pkg/charts/version/bump.go:42.38,45.16 2 0
github.com/trueforge-org/forgetool/pkg/charts/version/bump.go:45.16,47.3 1 0
github.com/trueforge-org/forgetool/pkg/charts/version/bump.go:49.2,50.12 2 0
github.com/trueforge-org/forgetool/pkg/charts/website/chart_list.go:42.51,43.19 1 0
github.com/trueforge-org/forgetool/pkg/charts/website/chart_list.go:43.19,45.3 1 0
github.com/trueforge-org/forgetool/pkg/charts/website/chart_list.go:47.2,48.16 2 0
github.com/trueforge-org/forgetool/pkg/charts/website/chart_list.go:48.16,50.3 1 0
github.com/trueforge-org/forgetool/pkg/charts/website/chart_list.go:52.2,52.47 1 0
github.com/trueforge-org/forgetool/pkg/charts/website/chart_list.go:54.90,55.19 1 0
github.com/trueforge-org/forgetool/pkg/charts/website/chart_list.go:55.19,57.3 1 0
github.com/trueforge-org/forgetool/pkg/charts/website/chart_list.go:59.2,59.16 1 0
github.com/trueforge-org/forgetool/pkg/charts/website/chart_list.go:59.16,61.3 1 0
github.com/trueforge-org/forgetool/pkg/charts/website/chart_list.go:64.2,64.73 1 0
github.com/trueforge-org/forgetool/pkg/charts/website/chart_list.go:64.73,66.3 1 0
github.com/trueforge-org/forgetool/pkg/charts/website/chart_list.go:68.2,68.34 1 0
github.com/trueforge-org/forgetool/pkg/charts/website/chart_list.go:68.34,70.3 1 0
github.com/trueforge-org/forgetool/pkg/charts/website/chart_list.go:72.2,73.49 2 0
github.com/trueforge-org/forgetool/pkg/charts/website/chart_list.go:73.49,75.3 1 0
github.com/trueforge-org/forgetool/pkg/charts/website/chart_list.go:77.2,78.28 2 0
github.com/trueforge-org/forgetool/pkg/charts/website/chart_list.go:78.28,79.45 1 0
github.com/trueforge-org/forgetool/pkg/charts/website/chart_list.go:79.45,81.4 1 0
github.com/trueforge-org/forgetool/pkg/charts/website/chart_list.go:84.2,98.40 6 0
github.com/trueforge-org/forgetool/pkg/charts/website/chart_list.go:98.40,99.35 1 0
github.com/trueforge-org/forgetool/pkg/charts/website/chart_list.go:99.35,105.4 3 0
github.com/trueforge-org/forgetool/pkg/charts/website/chart_list.go:107.2,107.17 1 0
github.com/trueforge-org/forgetool/pkg/charts/website/chart_list.go:107.17,109.3 1 0
github.com/trueforge-org/forgetool/pkg/charts/website/chart_list.go:112.2,118.12 2 0
github.com/trueforge-org/forgetool/pkg/fluxhandler/bootstrap.go:14.13,17.2 1 1
github.com/trueforge-org/forgetool/pkg/fluxhandler/bootstrap.go:20.41,22.46 1 0
github.com/trueforge-org/forgetool/pkg/fluxhandler/bootstrap.go:22.46,24.89 2 0
github.com/trueforge-org/forgetool/pkg/fluxhandler/bootstrap.go:24.89,25.47 1 0
github.com/trueforge-org/forgetool/pkg/fluxhandler/bootstrap.go:25.47,27.68 2 0
github.com/trueforge-org/forgetool/pkg/fluxhandler/bootstrap.go:27.68,28.51 1 0
github.com/trueforge-org/forgetool/pkg/fluxhandler/bootstrap.go:28.51,30.7 1 0
github.com/trueforge-org/forgetool/pkg/fluxhandler/bootstrap.go:33.4,33.54 1 0
github.com/trueforge-org/forgetool/pkg/fluxhandler/bootstrap.go:39.49,40.39 1 0
github.com/trueforge-org/forgetool/pkg/fluxhandler/bootstrap.go:40.39,42.3 1 0
github.com/trueforge-org/forgetool/pkg/fluxhandler/bootstrap.go:44.2,45.51 2 0
github.com/trueforge-org/forgetool/pkg/fluxhandler/bootstrap.go:45.51,47.3 1 0
github.com/trueforge-org/forgetool/pkg/fluxhandler/bootstrap.go:49.2,50.62 2 0
github.com/trueforge-org/forgetool/pkg/fluxhandler/bootstrap.go:50.62,52.3 1 0
github.com/trueforge-org/forgetool/pkg/fluxhandler/bootstrap.go:54.2,55.72 2 0
github.com/trueforge-org/forgetool/pkg/fluxhandler/bootstrap.go:55.72,58.3 2 0
github.com/trueforge-org/forgetool/pkg/fluxhandler/bootstrap.go:60.2,60.12 1 0
github.com/trueforge-org/forgetool/pkg/fluxhandler/bootstrap.go:64.27,66.16 2 0
github.com/trueforge-org/forgetool/pkg/fluxhandler/bootstrap.go:66.16,69.3 2 0
github.com/trueforge-org/forgetool/pkg/fluxhandler/bootstrap.go:70.2,70.13 1 0
github.com/trueforge-org/forgetool/pkg/fluxhandler/bootstrap.go:70.13,74.3 3 0
github.com/trueforge-org/forgetool/pkg/fluxhandler/bootstrap.go:75.2,76.12 2 0
github.com/trueforge-org/forgetool/pkg/fluxhandler/bootstrap.go:80.62,88.105 5 0
github.com/trueforge-org/forgetool/pkg/fluxhandler/bootstrap.go:88.105,91.3 2 0
github.com/trueforge-org/forgetool/pkg/fluxhandler/bootstrap.go:92.2,92.111 1 0
github.com/trueforge-org/forgetool/pkg/fluxhandler/bootstrap.go:92.111,95.3 2 0
github.com/trueforge-org/forgetool/pkg/fluxhandler/bootstrap.go:97.2,97.73 1 0
github.com/trueforge-org/forgetool/pkg/fluxhandler/bootstrap.go:97.73,100.112 3 0
github.com/trueforge-org/forgetool/pkg/fluxhandler/bootstrap.go:100.112,103.4 2 0
github.com/trueforge-org/forgetool/pkg/fluxhandler/bootstrap.go:104.3,104.106 1 0
github.com/trueforge-org/forgetool/pkg/fluxhandler/bootstrap.go:104.106,107.4 2 0
github.com/trueforge-org/forgetool/pkg/fluxhandler/bootstrap.go:108.3,108.13 1 0
github.com/trueforge-org/forgetool/pkg/fluxhandler/bootstrap.go:112.2,112.111 1 0
github.com/trueforge-org/forgetool/pkg/fluxhandler/bootstrap.go:112.111,115.3 2 0
github.com/trueforge-org/forgetool/pkg/fluxhandler/bootstrap.go:116.2,116.105 1 0
github.com/trueforge-org/forgetool/pkg/fluxhandler/bootstrap.go:116.105,119.3 2 0
github.com/trueforge-org/forgetool/pkg/fluxhandler/bootstrap.go:121.2,121.12 1 0
github.com/trueforge-org/forgetool/pkg/fluxhandler/bootstrap.go:125.73,129.67 3 0
github.com/trueforge-org/forgetool/pkg/fluxhandler/bootstrap.go:129.67,132.3 2 0
github.com/trueforge-org/forgetool/pkg/fluxhandler/bootstrap.go:134.2,136.70 3 0
github.com/trueforge-org/forgetool/pkg/fluxhandler/bootstrap.go:136.70,139.3 2 0
github.com/trueforge-org/forgetool/pkg/fluxhandler/bootstrap.go:141.2,141.12 1 0
github.com/trueforge-org/forgetool/pkg/fluxhandler/helm.go:28.100,35.15 2 0
github.com/trueforge-org/forgetool/pkg/fluxhandler/helm.go:35.15,37.3 1 0
github.com/trueforge-org/forgetool/pkg/fluxhandler/helm.go:40.2,41.16 2 0
github.com/trueforge-org/forgetool/pkg/fluxhandler/helm.go:41.16,43.3 1 0
github.com/trueforge-org/forgetool/pkg/fluxhandler/helm.go:44.2,44.28 1 0
github.com/trueforge-org/forgetool/pkg/fluxhandler/helm.go:48.89,54.12 4 0
github.com/trueforge-org/forgetool/pkg/fluxhandler/helm.go:54.12,56.3 1 0
github.com/trueforge-org/forgetool/pkg/fluxhandler/helm.go:56.8,58.3 1 0
github.com/trueforge-org/forgetool/pkg/fluxhandler/helm.go:61.2,61.109 1 0
github.com/trueforge-org/forgetool/pkg/fluxhandler/helm.go:61.109,63.3 1 0
github.com/trueforge-org/forgetool/pkg/fluxhandler/helm.go:65.2,66.16 2 0
github.com/trueforge-org/forgetool/pkg/fluxhandler/helm.go:66.16,68.3 1 0
github.com/trueforge-org/forgetool/pkg/fluxhandler/helm.go:69.2,75.16 6 0
github.com/trueforge-org/forgetool/pkg/fluxhandler/helm.go:75.16,77.3 1 0
github.com/trueforge-org/forgetool/pkg/fluxhandler/helm.go:77.8,79.3 1 0
github.com/trueforge-org/forgetool/pkg/fluxhandler/helm.go:82.2,82.65 1 0
github.com/trueforge-org/forgetool/pkg/fluxhandler/helm.go:82.65,84.3 1 0
github.com/trueforge-org/forgetool/pkg/fluxhandler/helm.go:86.2,86.14 1 0
github.com/trueforge-org/forgetool/pkg/fluxhandler/helm.go:89.32,91.23 2 0
github.com/trueforge-org/forgetool/pkg/fluxhandler/helm.go:92.36,94.23 2 0
github.com/trueforge-org/forgetool/pkg/fluxhandler/helm.go:95.10,95.10 0 0
github.com/trueforge-org/forgetool/pkg/fluxhandler/helm.go:99.2,100.37 2 0
github.com/trueforge-org/forgetool/pkg/fluxhandler/helm.go:100.37,105.3 3 0
github.com/trueforge-org/forgetool/pkg/fluxhandler/helm.go:105.8,108.3 2 0
github.com/trueforge-org/forgetool/pkg/fluxhandler/helm.go:110.2,112.16 2 0
github.com/trueforge-org/forgetool/pkg/fluxhandler/helm.go:112.16,115.3 2 0
github.com/trueforge-org/forgetool/pkg/fluxhandler/helm.go:116.2,116.13 1 0
github.com/trueforge-org/forgetool/pkg/fluxhandler/helm.go:116.13,118.3 1 0
github.com/trueforge-org/forgetool/pkg/fluxhandler/helm.go:119.2,119.53 1 0
github.com/trueforge-org/forgetool/pkg/fluxhandler/helm.go:119.53,120.14 1 0
github.com/trueforge-org/forgetool/pkg/fluxhandler/helm.go:120.14,122.4 1 0
github.com/trueforge-org/forgetool/pkg/fluxhandler/helm.go:125.2,125.18 1 0
github.com/trueforge-org/forgetool/pkg/fluxhandler/helm.go:125.18,127.3 1 0
github.com/trueforge-org/forgetool/pkg/fluxhandler/helm.go:128.2,128.12 1 0
github.com/trueforge-org/forgetool/pkg/fluxhandler/helm.go:131.48,131.49 0 0
github.com/trueforge-org/forgetool/pkg/fluxhandler/helm.go:134.168,135.12 1 0
github.com/trueforge-org/forgetool/pkg/fluxhandler/helm.go:135.12,138.3 2 0
github.com/trueforge-org/forgetool/pkg/fluxhandler/helm.go:140.2,146.12 5 0
github.com/trueforge-org/forgetool/pkg/fluxhandler/helm.go:146.12,149.3 1 0
github.com/trueforge-org/forgetool/pkg/fluxhandler/helm.go:149.8,151.3 1 0
github.com/trueforge-org/forgetool/pkg/fluxhandler/helm.go:153.2,154.49 1 0
github.com/trueforge-org/forgetool/pkg/fluxhandler/helm.go:154.49,156.3 1 0
github.com/trueforge-org/forgetool/pkg/fluxhandler/helm.go:159.2,159.65 1 0
github.com/trueforge-org/forgetool/pkg/fluxhandler/helm.go:159.65,161.3 1 0
github.com/trueforge-org/forgetool/pkg/fluxhandler/helm.go:163.2,167.125 3 0
github.com/trueforge-org/forgetool/pkg/fluxhandler/helm.go:167.125,170.17 2 0
github.com/trueforge-org/forgetool/pkg/fluxhandler/helm.go:170.17,172.4 1 0
github.com/trueforge-org/forgetool/pkg/fluxhandler/helm.go:173.3,173.88 1 0
github.com/trueforge-org/forgetool/pkg/fluxhandler/helm.go:175.8,178.3 1 0
github.com/trueforge-org/forgetool/pkg/fluxhandler/helm.go:181.2,182.16 2 0
github.com/trueforge-org/forgetool/pkg/fluxhandler/helm.go:182.16,184.3 1 0
github.com/trueforge-org/forgetool/pkg/fluxhandler/helm.go:187.2,197.16 9 0
github.com/trueforge-org/forgetool/pkg/fluxhandler/helm.go:197.16,199.3 1 0
github.com/trueforge-org/forgetool/pkg/fluxhandler/helm.go:200.2,208.16 5 0
github.com/trueforge-org/forgetool/pkg/fluxhandler/helm.go:208.17,210.3 0 0
github.com/trueforge-org/forgetool/pkg/fluxhandler/helm.go:211.2,214.16 4 0
github.com/trueforge-org/forgetool/pkg/fluxhandler/helm.go:214.16,216.3 1 0
github.com/trueforge-org/forgetool/pkg/fluxhandler/helm.go:217.2,220.47 3 0
github.com/trueforge-org/forgetool/pkg/fluxhandler/helm.go:220.47,223.3 1 0
github.com/trueforge-org/forgetool/pkg/fluxhandler/helm.go:225.2,227.55 2 0
github.com/trueforge-org/forgetool/pkg/fluxhandler/helm.go:227.55,229.3 1 0
github.com/trueforge-org/forgetool/pkg/fluxhandler/helm.go:232.2,241.16 4 0
github.com/trueforge-org/forgetool/pkg/fluxhandler/helm.go:241.16,243.3 1 0
github.com/trueforge-org/forgetool/pkg/fluxhandler/helm.go:246.2,248.16 3 0
github.com/trueforge-org/forgetool/pkg/fluxhandler/helm.go:248.16,250.49 2 0
github.com/trueforge-org/forgetool/pkg/fluxhandler/helm.go:250.49,255.64 4 0
github.com/trueforge-org/forgetool/pkg/fluxhandler/helm.go:255.64,257.5 1 0
github.com/trueforge-org/forgetool/pkg/fluxhandler/helm.go:257.10,257.25 1 0
github.com/trueforge-org/forgetool/pkg/fluxhandler/helm.go:257.25,259.5 1 0
github.com/trueforge-org/forgetool/pkg/fluxhandler/helm.go:260.9,262.4 1 0
github.com/trueforge-org/forgetool/pkg/fluxhandler/helm.go:265.2,265.10 1 0
github.com/trueforge-org/forgetool/pkg/fluxhandler/helm.go:265.10,267.3 1 0
github.com/trueforge-org/forgetool/pkg/fluxhandler/helm.go:269.2,272.12 3 0
github.com/trueforge-org/forgetool/pkg/fluxhandler/helm.go:275.82,278.16 2 0
github.com/trueforge-org/forgetool/pkg/fluxhandler/helm.go:278.16,280.3 1 0
github.com/trueforge-org/forgetool/pkg/fluxhandler/helm.go:282.2,282.13 1 0
github.com/trueforge-org/forgetool/pkg/fluxhandler/helm.go:282.13,285.17 2 0
github.com/trueforge-org/forgetool/pkg/fluxhandler/helm.go:285.17,287.4 1 0
github.com/trueforge-org/forgetool/pkg/fluxhandler/helm.go:290.2,290.12 1 0
github.com/trueforge-org/forgetool/pkg/fluxhandler/helm.go:295.155,302.12 5 0
github.com/trueforge-org/forgetool/pkg/fluxhandler/helm.go:302.12,304.3 1 0
github.com/trueforge-org/forgetool/pkg/fluxhandler/helm.go:304.8,306.3 1 0
github.com/trueforge-org/forgetool/pkg/fluxhandler/helm.go:308.2,309.49 1 0
github.com/trueforge-org/forgetool/pkg/fluxhandler/helm.go:309.49,311.3 1 0
github.com/trueforge-org/forgetool/pkg/fluxhandler/helm.go:314.2,314.65 1 0
github.com/trueforge-org/forgetool/pkg/fluxhandler/helm.go:314.65,316.3 1 0
github.com/trueforge-org/forgetool/pkg/fluxhandler/helm.go:318.2,322.125 3 0
github.com/trueforge-org/forgetool/pkg/fluxhandler/helm.go:322.125,325.17 2 0
github.com/trueforge-org/forgetool/pkg/fluxhandler/helm.go:325.17,327.4 1 0
github.com/trueforge-org/forgetool/pkg/fluxhandler/helm.go:328.3,328.88 1 0
github.com/trueforge-org/forgetool/pkg/fluxhandler/helm.go:330.8,333.3 1 0
github.com/trueforge-org/forgetool/pkg/fluxhandler/helm.go:336.2,337.16 2 0
github.com/trueforge-org/forgetool/pkg/fluxhandler/helm.go:337.16,339.3 1 0
github.com/trueforge-org/forgetool/pkg/fluxhandler/helm.go:342.2,349.16 7 0
github.com/trueforge-org/forgetool/pkg/fluxhandler/helm.go:349.16,351.3 1 0
github.com/trueforge-org/forgetool/pkg/fluxhandler/helm.go:352.2,360.16 5 0
github.com/trueforge-org/forgetool/pkg/fluxhandler/helm.go:360.16,362.3 1 0
github.com/trueforge-org/forgetool/pkg/fluxhandler/helm.go:364.2,367.16 4 0
github.com/trueforge-org/forgetool/pkg/fluxhandler/helm.go:367.16,369.3 1 0
github.com/trueforge-org/forgetool/pkg/fluxhandler/helm.go:370.2,373.47 3 0
github.com/trueforge-org/forgetool/pkg/fluxhandler/helm.go:373.47,375.3 1 0
github.com/trueforge-org/forgetool/pkg/fluxhandler/helm.go:377.2,379.55 2 0
github.com/trueforge-org/forgetool/pkg/fluxhandler/helm.go:379.55,381.3 1 0
github.com/trueforge-org/forgetool/pkg/fluxhandler/helm.go:384.2,393.16 4 0
github.com/trueforge-org/forgetool/pkg/fluxhandler/helm.go:393.16,395.3 1 0
github.com/trueforge-org/forgetool/pkg/fluxhandler/helm.go:398.2,399.16 2 0
github.com/trueforge-org/forgetool/pkg/fluxhandler/helm.go:399.16,401.3 1 0
github.com/trueforge-org/forgetool/pkg/fluxhandler/helm.go:403.2,403.10 1 0
github.com/trueforge-org/forgetool/pkg/fluxhandler/helm.go:403.10,405.3 1 0
github.com/trueforge-org/forgetool/pkg/fluxhandler/helm.go:407.2,410.12 3 0
github.com/trueforge-org/forgetool/pkg/fluxhandler/helm.go:413.90,416.16 2 0
github.com/trueforge-org/forgetool/pkg/fluxhandler/helm.go:416.16,418.3 1 0
github.com/trueforge-org/forgetool/pkg/fluxhandler/helm.go:421.2,422.16 2 0
github.com/trueforge-org/forgetool/pkg/fluxhandler/helm.go:422.16,424.3 1 0
github.com/trueforge-org/forgetool/pkg/fluxhandler/helm.go:425.2,425.18 1 0
github.com/trueforge-org/forgetool/pkg/fluxhandler/helm.go:428.82,431.16 2 0
github.com/trueforge-org/forgetool/pkg/fluxhandler/helm.go:431.16,433.3 1 0
github.com/trueforge-org/forgetool/pkg/fluxhandler/helm.go:436.2,441.16 2 0
github.com/trueforge-org/forgetool/pkg/fluxhandler/helm.go:441.16,442.54 1 0
github.com/trueforge-org/forgetool/pkg/fluxhandler/helm.go:442.55,444.4 0 0
github.com/trueforge-org/forgetool/pkg/fluxhandler/helm.go:444.9,446.4 1 0
github.com/trueforge-org/forgetool/pkg/fluxhandler/helm.go:448.2,448.12 1 0
github.com/trueforge-org/forgetool/pkg/fluxhandler/helm.go:451.77,455.16 3 0
github.com/trueforge-org/forgetool/pkg/fluxhandler/helm.go:455.16,457.3 1 0
github.com/trueforge-org/forgetool/pkg/fluxhandler/helm.go:460.2,461.16 2 0
github.com/trueforge-org/forgetool/pkg/fluxhandler/helm.go:461.16,463.3 1 0
github.com/trueforge-org/forgetool/pkg/fluxhandler/helm.go:465.2,465.12 1 0
github.com/trueforge-org/forgetool/pkg/fluxhandler/helm.go:468.48,471.16 2 0
github.com/trueforge-org/forgetool/pkg/fluxhandler/helm.go:471.16,474.17 2 0
github.com/trueforge-org/forgetool/pkg/fluxhandler/helm.go:474.17,476.4 1 0
github.com/trueforge-org/forgetool/pkg/fluxhandler/helm.go:477.8,477.32 1 0
github.com/trueforge-org/forgetool/pkg/fluxhandler/helm.go:477.32,480.3 1 0
github.com/trueforge-org/forgetool/pkg/fluxhandler/helm.go:482.2,482.12 1 0
github.com/trueforge-org/forgetool/pkg/fluxhandler/helm.go:485.65,497.16 4 0
github.com/trueforge-org/forgetool/pkg/fluxhandler/helm.go:497.16,499.3 1 0
github.com/trueforge-org/forgetool/pkg/fluxhandler/helm.go:502.2,503.59 2 0
github.com/trueforge-org/forgetool/pkg/fluxhandler/helm.go:503.59,505.3 1 0
github.com/trueforge-org/forgetool/pkg/fluxhandler/helm.go:508.2,508.49 1 0
github.com/trueforge-org/forgetool/pkg/fluxhandler/helm.go:508.49,510.3 1 0
github.com/trueforge-org/forgetool/pkg/fluxhandler/helm.go:513.2,515.45 3 0
github.com/trueforge-org/forgetool/pkg/fluxhandler/helm.go:515.45,517.17 2 0
github.com/trueforge-org/forgetool/pkg/fluxhandler/helm.go:517.17,519.4 1 0
github.com/trueforge-org/forgetool/pkg/fluxhandler/helm.go:523.2,523.32 1 0
github.com/trueforge-org/forgetool/pkg/fluxhandler/helm.go:523.32,525.3 1 0
github.com/trueforge-org/forgetool/pkg/fluxhandler/helm.go:527.2,527.66 1 0
github.com/trueforge-org/forgetool/pkg/fluxhandler/helm.go:527.66,529.3 1 0
github.com/trueforge-org/forgetool/pkg/fluxhandler/helm.go:531.2,531.13 1 0
github.com/trueforge-org/forgetool/pkg/fluxhandler/helm.go:531.13,533.3 1 0
github.com/trueforge-org/forgetool/pkg/fluxhandler/helm.go:534.2,534.12 1 0
github.com/trueforge-org/forgetool/pkg/fluxhandler/helm.go:538.38,551.24 6 0
github.com/trueforge-org/forgetool/pkg/fluxhandler/helm.go:551.24,553.3 1 0
github.com/trueforge-org/forgetool/pkg/fluxhandler/helm.go:555.2,557.12 2 0
github.com/trueforge-org/forgetool/pkg/fluxhandler/helm.go:560.33,562.20 2 0
github.com/trueforge-org/forgetool/pkg/fluxhandler/helm.go:562.20,564.3 1 0
github.com/trueforge-org/forgetool/pkg/fluxhandler/helm.go:566.2,566.12 1 0
github.com/trueforge-org/forgetool/pkg/fluxhandler/helm.go:569.88,571.6 2 0
github.com/trueforge-org/forgetool/pkg/fluxhandler/helm.go:571.6,573.17 2 0
github.com/trueforge-org/forgetool/pkg/fluxhandler/helm.go:573.17,575.4 1 0
github.com/trueforge-org/forgetool/pkg/fluxhandler/helm.go:576.3,576.48 1 0
github.com/trueforge-org/forgetool/pkg/fluxhandler/helm.go:576.48,578.9 2 0
github.com/trueforge-org/forgetool/pkg/fluxhandler/helm.go:580.3,581.30 2 0
github.com/trueforge-org/forgetool/pkg/fluxhandler/helmrelease.go:56.61,59.16 2 0
github.com/trueforge-org/forgetool/pkg/fluxhandler/helmrelease.go:59.16,61.3 1 0
github.com/trueforge-org/forgetool/pkg/fluxhandler/helmrelease.go:64.2,68.16 3 0
github.com/trueforge-org/forgetool/pkg/fluxhandler/helmrelease.go:68.16,70.3 1 0
github.com/trueforge-org/forgetool/pkg/fluxhandler/helmrelease.go:73.2,73.31 1 0
github.com/trueforge-org/forgetool/pkg/fluxhandler/helmrelease.go:73.31,75.3 1 0
github.com/trueforge-org/forgetool/pkg/fluxhandler/helmrelease.go:76.2,76.20 1 0
github.com/trueforge-org/forgetool/pkg/fluxhandler/helmrelease.go:79.84,81.31 2 0
github.com/trueforge-org/forgetool/pkg/fluxhandler/helmrelease.go:81.31,83.28 2 0
github.com/trueforge-org/forgetool/pkg/fluxhandler/helmrelease.go:83.28,88.18 5 0
github.com/trueforge-org/forgetool/pkg/fluxhandler/helmrelease.go:88.18,91.5 2 0
github.com/trueforge-org/forgetool/pkg/fluxhandler/helmrelease.go:92.4,92.26 1 0
github.com/trueforge-org/forgetool/pkg/fluxhandler/helmrelease.go:92.26,95.5 2 0
github.com/trueforge-org/forgetool/pkg/fluxhandler/helmrelease.go:97.4,98.42 2 0
github.com/trueforge-org/forgetool/pkg/fluxhandler/helmrelease.go:98.42,100.5 1 0
github.com/trueforge-org/forgetool/pkg/fluxhandler/helmrelease.go:102.4,102.68 1 0
github.com/trueforge-org/forgetool/pkg/fluxhandler/helmrelease.go:102.68,105.5 2 0
github.com/trueforge-org/forgetool/pkg/fluxhandler/helmrelease.go:107.4,107.76 1 0
github.com/trueforge-org/forgetool/pkg/fluxhandler/helmrelease.go:107.76,110.5 2 0
github.com/trueforge-org/forgetool/pkg/fluxhandler/helmrelease.go:112.4,114.262 2 0
github.com/trueforge-org/forgetool/pkg/fluxhandler/helmrelease.go:114.262,115.49 1 0
github.com/trueforge-org/forgetool/pkg/fluxhandler/helmrelease.go:115.50,116.6 0 0
github.com/trueforge-org/forgetool/pkg/fluxhandler/helmrelease.go:116.11,119.16 2 0
github.com/trueforge-org/forgetool/pkg/fluxhandler/helmrelease.go:119.16,121.7 1 0
github.com/trueforge-org/forgetool/pkg/fluxhandler/helmrelease.go:125.3,125.13 1 0
github.com/trueforge-org/forgetool/pkg/fluxhandler/helmrelease.go:125.13,127.4 1 0
github.com/trueforge-org/forgetool/pkg/fluxhandler/helmrelease.go:129.2,129.11 1 0
github.com/trueforge-org/forgetool/pkg/fluxhandler/helmrelease.go:129.11,131.3 1 0
github.com/trueforge-org/forgetool/pkg/fluxhandler/helmrelease.go:135.84,137.31 2 0
github.com/trueforge-org/forgetool/pkg/fluxhandler/helmrelease.go:137.31,139.28 2 0
github.com/trueforge-org/forgetool/pkg/fluxhandler/helmrelease.go:139.28,148.18 5 0
github.com/trueforge-org/forgetool/pkg/fluxhandler/helmrelease.go:148.18,151.15 2 0
github.com/trueforge-org/forgetool/pkg/fluxhandler/helmrelease.go:151.15,153.6 1 0
github.com/trueforge-org/forgetool/pkg/fluxhandler/helmrelease.go:154.5,154.11 1 0
github.com/trueforge-org/forgetool/pkg/fluxhandler/helmrelease.go:156.4,156.26 1 0
github.com/trueforge-org/forgetool/pkg/fluxhandler/helmrelease.go:156.26,159.15 2 0
github.com/trueforge-org/forgetool/pkg/fluxhandler/helmrelease.go:159.15,161.6 1 0
github.com/trueforge-org/forgetool/pkg/fluxhandler/helmrelease.go:162.5,162.11 1 0
github.com/trueforge-org/forgetool/pkg/fluxhandler/helmrelease.go:166.4,167.42 2 0
github.com/trueforge-org/forgetool/pkg/fluxhandler/helmrelease.go:167.42,169.5 1 0
github.com/trueforge-org/forgetool/pkg/fluxhandler/helmrelease.go:172.4,177.34 4 0
github.com/trueforge-org/forgetool/pkg/fluxhandler/helmrelease.go:177.34,180.15 2 0
github.com/trueforge-org/forgetool/pkg/fluxhandler/helmrelease.go:180.15,182.6 1 0
github.com/trueforge-org/forgetool/pkg/fluxhandler/helmrelease.go:183.5,183.11 1 0
github.com/trueforge-org/forgetool/pkg/fluxhandler/helmrelease.go:187.4,189.18 3 0
github.com/trueforge-org/forgetool/pkg/fluxhandler/helmrelease.go:189.18,192.15 2 0
github.com/trueforge-org/forgetool/pkg/fluxhandler/helmrelease.go:192.15,194.6 1 0
github.com/trueforge-org/forgetool/pkg/fluxhandler/helmrelease.go:195.5,195.11 1 0
github.com/trueforge-org/forgetool/pkg/fluxhandler/helmrelease.go:199.3,199.13 1 0
github.com/trueforge-org/forgetool/pkg/fluxhandler/helmrelease.go:199.13,201.4 1 0
github.com/trueforge-org/forgetool/pkg/fluxhandler/helmrelease.go:204.2,204.11 1 0
github.com/trueforge-org/forgetool/pkg/fluxhandler/helmrelease.go:204.11,206.3 1 0
github.com/trueforge-org/forgetool/pkg/fluxhandler/helmrepo.go:29.69,31.16 2 0
github.com/trueforge-org/forgetool/pkg/fluxhandler/helmrepo.go:31.16,33.3 1 0
github.com/trueforge-org/forgetool/pkg/fluxhandler/helmrepo.go:35.2,37.29 2 0
github.com/trueforge-org/forgetool/pkg/fluxhandler/helmrepo.go:37.29,38.63 1 0
[...]
github.com/trueforge-org/forgetool/pkg/initfiles/initfiles.go:365.8,370.17 3 0
github.com/trueforge-org/forgetool/pkg/initfiles/initfiles.go:370.17,372.4 1 0
github.com/trueforge-org/forgetool/pkg/initfiles/initfiles.go:373.3,375.61 2 0
github.com/trueforge-org/forgetool/pkg/initfiles/initfiles.go:375.61,377.4 1 0
github.com/trueforge-org/forgetool/pkg/initfiles/initfiles.go:381.21,384.44 2 0
github.com/trueforge-org/forgetool/pkg/initfiles/initfiles.go:384.45,386.3 0 0
github.com/trueforge-org/forgetool/pkg/initfiles/initfiles.go:386.8,386.43 1 0
github.com/trueforge-org/forgetool/pkg/initfiles/initfiles.go:386.43,389.17 3 0
github.com/trueforge-org/forgetool/pkg/initfiles/initfiles.go:389.17,391.4 1 0
github.com/trueforge-org/forgetool/pkg/initfiles/initfiles.go:392.3,392.16 1 0
github.com/trueforge-org/forgetool/pkg/initfiles/initfiles.go:392.16,393.36 1 0
github.com/trueforge-org/forgetool/pkg/initfiles/initfiles.go:393.36,395.5 1 0
github.com/trueforge-org/forgetool/pkg/initfiles/initfiles.go:397.3,398.95 2 0
github.com/trueforge-org/forgetool/pkg/initfiles/initfiles.go:398.95,400.4 1 0
github.com/trueforge-org/forgetool/pkg/initfiles/initfiles.go:402.3,403.17 2 0
github.com/trueforge-org/forgetool/pkg/initfiles/initfiles.go:403.17,405.4 1 0
github.com/trueforge-org/forgetool/pkg/initfiles/initfiles.go:407.3,409.30 3 0
github.com/trueforge-org/forgetool/pkg/initfiles/initfiles.go:411.9,413.3 0 0
github.com/trueforge-org/forgetool/pkg/initfiles/initfiles.go:415.2,415.12 1 0
github.com/trueforge-org/forgetool/pkg/initfiles/initfiles.go:418.34,422.16 3 1
github.com/trueforge-org/forgetool/pkg/initfiles/initfiles.go:422.16,424.3 1 0
github.com/trueforge-org/forgetool/pkg/initfiles/initfiles.go:425.2,431.21 4 1
github.com/trueforge-org/forgetool/pkg/initfiles/initfiles.go:431.21,434.47 2 2
github.com/trueforge-org/forgetool/pkg/initfiles/initfiles.go:434.47,436.23 2 1
github.com/trueforge-org/forgetool/pkg/initfiles/initfiles.go:436.23,438.5 1 1
github.com/trueforge-org/forgetool/pkg/initfiles/initfiles.go:439.4,439.9 1 1
github.com/trueforge-org/forgetool/pkg/initfiles/initfiles.go:443.2,443.38 1 1
github.com/trueforge-org/forgetool/pkg/initfiles/initfiles.go:443.38,445.3 1 0
github.com/trueforge-org/forgetool/pkg/initfiles/initfiles.go:447.2,447.21 1 1
github.com/trueforge-org/forgetool/pkg/initfiles/initfiles.go:447.21,449.3 1 0
github.com/trueforge-org/forgetool/pkg/initfiles/initfiles.go:451.2,451.23 1 1
github.com/trueforge-org/forgetool/pkg/initfiles/initfiles.go:455.34,459.16 3 1
github.com/trueforge-org/forgetool/pkg/initfiles/initfiles.go:459.16,461.3 1 0
github.com/trueforge-org/forgetool/pkg/initfiles/initfiles.go:462.2,468.21 4 1
github.com/trueforge-org/forgetool/pkg/initfiles/initfiles.go:468.21,471.49 2 3
github.com/trueforge-org/forgetool/pkg/initfiles/initfiles.go:471.49,473.9 2 1
github.com/trueforge-org/forgetool/pkg/initfiles/initfiles.go:477.2,477.38 1 1
github.com/trueforge-org/forgetool/pkg/initfiles/initfiles.go:477.38,479.3 1 0
github.com/trueforge-org/forgetool/pkg/initfiles/initfiles.go:481.2,481.21 1 1
github.com/trueforge-org/forgetool/pkg/initfiles/initfiles.go:481.21,483.3 1 0
github.com/trueforge-org/forgetool/pkg/initfiles/initfiles.go:485.2,485.23 1 1
github.com/trueforge-org/forgetool/pkg/initfiles/initfiles.go:488.28,493.16 3 0
github.com/trueforge-org/forgetool/pkg/initfiles/initfiles.go:493.16,495.3 1 0
github.com/trueforge-org/forgetool/pkg/initfiles/initfiles.go:498.2,512.16 3 0
github.com/trueforge-org/forgetool/pkg/initfiles/initfiles.go:512.16,514.3 1 0
github.com/trueforge-org/forgetool/pkg/initfiles/initfiles.go:517.2,518.16 2 0
github.com/trueforge-org/forgetool/pkg/initfiles/initfiles.go:518.16,520.3 1 0
github.com/trueforge-org/forgetool/pkg/initfiles/initfiles.go:521.2,522.16 2 0
github.com/trueforge-org/forgetool/pkg/initfiles/initfiles.go:522.16,524.3 1 0
github.com/trueforge-org/forgetool/pkg/initfiles/initfiles.go:525.2,526.12 2 0
github.com/trueforge-org/forgetool/pkg/talhelperutil/extractfromtalconfig.go:24.19,29.16 3 0
github.com/trueforge-org/forgetool/pkg/talhelperutil/extractfromtalconfig.go:29.16,31.3 1 0
github.com/trueforge-org/forgetool/pkg/talhelperutil/extractfromtalconfig.go:32.2,37.16 4 0
github.com/trueforge-org/forgetool/pkg/talhelperutil/extractfromtalconfig.go:37.16,39.3 1 0
github.com/trueforge-org/forgetool/pkg/talhelperutil/extractfromtalconfig.go:40.2,50.36 7 0
github.com/trueforge-org/forgetool/pkg/talhelperutil/extractfromtalconfig.go:50.36,58.24 3 0
github.com/trueforge-org/forgetool/pkg/talhelperutil/extractfromtalconfig.go:58.24,61.4 2 0
github.com/trueforge-org/forgetool/pkg/talhelperutil/extractfromtalconfig.go:61.9,64.4 2 0
github.com/trueforge-org/forgetool/pkg/talhelperutil/extractfromtalconfig.go:67.2,68.75 2 0
github.com/trueforge-org/forgetool/pkg/talassist/load.go:23.22,25.16 2 0
github.com/trueforge-org/forgetool/pkg/talassist/load.go:25.16,27.3 1 0
github.com/trueforge-org/forgetool/pkg/talassist/load.go:28.2,30.8 3 0
github.com/trueforge-org/forgetool/pkg/talassist/load.go:33.24,43.78 9 0
github.com/trueforge-org/forgetool/pkg/talassist/load.go:43.78,45.3 1 0
github.com/trueforge-org/forgetool/pkg/talassist/load.go:46.2,46.12 1 0
github.com/trueforge-org/forgetool/pkg/talassist/load.go:49.40,52.16 3 0
github.com/trueforge-org/forgetool/pkg/talassist/load.go:52.16,54.3 1 0
github.com/trueforge-org/forgetool/pkg/talassist/load.go:55.2,55.10 1 0
github.com/trueforge-org/forgetool/pkg/talassist/load.go:58.33,65.16 6 0
github.com/trueforge-org/forgetool/pkg/talassist/load.go:65.16,67.3 1 0
github.com/trueforge-org/forgetool/pkg/talassist/load.go:69.2,69.47 1 0
github.com/trueforge-org/forgetool/pkg/talassist/load.go:69.47,71.17 2 0
github.com/trueforge-org/forgetool/pkg/talassist/load.go:71.17,73.4 1 0
github.com/trueforge-org/forgetool/pkg/talassist/load.go:75.2,75.12 1 0
github.com/trueforge-org/forgetool/pkg/sops/checkencrypt.go:24.64,29.16 3 0
github.com/trueforge-org/forgetool/pkg/sops/checkencrypt.go:29.16,32.3 2 0
github.com/trueforge-org/forgetool/pkg/sops/checkencrypt.go:33.2,37.16 3 0
github.com/trueforge-org/forgetool/pkg/sops/checkencrypt.go:37.16,40.3 2 0
github.com/trueforge-org/forgetool/pkg/sops/checkencrypt.go:41.2,45.20 3 0
github.com/trueforge-org/forgetool/pkg/sops/checkencrypt.go:45.20,48.17 2 0
github.com/trueforge-org/forgetool/pkg/sops/checkencrypt.go:48.17,51.4 2 0
github.com/trueforge-org/forgetool/pkg/sops/checkencrypt.go:53.3,53.28 1 0
github.com/trueforge-org/forgetool/pkg/sops/checkencrypt.go:53.28,56.4 2 0
github.com/trueforge-org/forgetool/pkg/sops/checkencrypt.go:57.3,60.33 2 0
github.com/trueforge-org/forgetool/pkg/sops/checkencrypt.go:60.33,62.53 2 0
github.com/trueforge-org/forgetool/pkg/sops/checkencrypt.go:62.53,64.5 1 0
github.com/trueforge-org/forgetool/pkg/sops/checkencrypt.go:65.4,65.43 1 0
github.com/trueforge-org/forgetool/pkg/sops/checkencrypt.go:65.43,66.32 1 0
github.com/trueforge-org/forgetool/pkg/sops/checkencrypt.go:66.32,68.11 2 0
github.com/trueforge-org/forgetool/pkg/sops/checkencrypt.go:74.3,75.37 2 0
github.com/trueforge-org/forgetool/pkg/sops/checkencrypt.go:75.37,77.4 1 0
github.com/trueforge-org/forgetool/pkg/sops/checkencrypt.go:79.3,79.54 1 0
github.com/trueforge-org/forgetool/pkg/sops/checkencrypt.go:79.54,82.4 2 0
github.com/trueforge-org/forgetool/pkg/sops/checkencrypt.go:83.3,83.60 1 0
github.com/trueforge-org/forgetool/pkg/sops/checkencrypt.go:84.8,88.3 2 0
github.com/trueforge-org/forgetool/pkg/sops/checkencrypt.go:91.2,91.36 1 0
github.com/trueforge-org/forgetool/pkg/sops/checkencrypt.go:91.36,93.17 2 0
github.com/trueforge-org/forgetool/pkg/sops/checkencrypt.go:93.17,96.4 2 0
github.com/trueforge-org/forgetool/pkg/sops/checkencrypt.go:97.3,101.89 3 0
github.com/trueforge-org/forgetool/pkg/sops/checkencrypt.go:104.2,104.26 1 0
github.com/trueforge-org/forgetool/pkg/sops/checkencrypt.go:107.77,112.16 3 0
github.com/trueforge-org/forgetool/pkg/sops/checkencrypt.go:112.16,115.3 2 0
github.com/trueforge-org/forgetool/pkg/sops/checkencrypt.go:118.2,119.29 2 0
github.com/trueforge-org/forgetool/pkg/sops/checkencrypt.go:119.29,120.22 1 0
github.com/trueforge-org/forgetool/pkg/sops/checkencrypt.go:120.22,122.4 1 0
github.com/trueforge-org/forgetool/pkg/sops/checkencrypt.go:126.2,126.31 1 0
github.com/trueforge-org/forgetool/pkg/sops/checkencrypt.go:126.31,130.41 3 0
github.com/trueforge-org/forgetool/pkg/sops/checkencrypt.go:130.41,134.18 2 0
github.com/trueforge-org/forgetool/pkg/sops/checkencrypt.go:134.18,136.19 2 0
github.com/trueforge-org/forgetool/pkg/sops/checkencrypt.go:136.19,138.6 1 0
github.com/trueforge-org/forgetool/pkg/sops/checkencrypt.go:138.11,143.20 3 0
github.com/trueforge-org/forgetool/pkg/sops/checkencrypt.go:143.20,145.7 1 0
github.com/trueforge-org/forgetool/pkg/sops/checkencrypt.go:145.12,147.7 1 0
github.com/trueforge-org/forgetool/pkg/sops/checkencrypt.go:153.3,153.18 1 0
github.com/trueforge-org/forgetool/pkg/sops/checkencrypt.go:153.18,158.4 3 0
github.com/trueforge-org/forgetool/pkg/sops/checkencrypt.go:158.9,161.42 2 0
github.com/trueforge-org/forgetool/pkg/sops/checkencrypt.go:161.42,164.19 2 0
github.com/trueforge-org/forgetool/pkg/sops/checkencrypt.go:164.19,167.14 3 0
github.com/trueforge-org/forgetool/pkg/sops/checkencrypt.go:169.5,169.38 1 0
github.com/trueforge-org/forgetool/pkg/sops/checkencrypt.go:169.38,171.6 1 0
github.com/trueforge-org/forgetool/pkg/sops/checkencrypt.go:175.4,175.33 1 0
github.com/trueforge-org/forgetool/pkg/sops/checkencrypt.go:175.33,178.43 3 0
github.com/trueforge-org/forgetool/pkg/sops/checkencrypt.go:178.43,180.6 1 0
github.com/trueforge-org/forgetool/pkg/sops/checkencrypt.go:181.5,182.15 2 0
github.com/trueforge-org/forgetool/pkg/sops/checkencrypt.go:184.4,184.15 1 0
github.com/trueforge-org/forgetool/pkg/sops/checkencrypt.go:189.2,193.12 4 0
github.com/trueforge-org/forgetool/pkg/sops/checkencrypt.go:197.18,200.16 3 0
github.com/trueforge-org/forgetool/pkg/sops/checkencrypt.go:200.16,202.3 1 0
github.com/trueforge-org/forgetool/pkg/sops/checkencrypt.go:203.2,206.21 3 0
github.com/trueforge-org/forgetool/pkg/sops/checkencrypt.go:206.21,207.59 1 0
github.com/trueforge-org/forgetool/pkg/sops/checkencrypt.go:207.59,210.4 2 0
github.com/trueforge-org/forgetool/pkg/sops/checkencrypt.go:213.2,213.38 1 0
github.com/trueforge-org/forgetool/pkg/sops/checkencrypt.go:213.38,215.3 1 0
github.com/trueforge-org/forgetool/pkg/sops/checkencrypt.go:217.2,218.12 2 0
github.com/trueforge-org/forgetool/pkg/sops/checkencrypt.go:222.62,228.44 3 0
github.com/trueforge-org/forgetool/pkg/sops/checkencrypt.go:228.44,231.17 2 0
github.com/trueforge-org/forgetool/pkg/sops/checkencrypt.go:231.17,234.4 2 0
github.com/trueforge-org/forgetool/pkg/sops/checkencrypt.go:237.3,237.81 1 0
github.com/trueforge-org/forgetool/pkg/sops/checkencrypt.go:237.81,238.18 1 0
github.com/trueforge-org/forgetool/pkg/sops/checkencrypt.go:238.18,240.5 1 0
github.com/trueforge-org/forgetool/pkg/sops/checkencrypt.go:241.4,241.52 1 0
github.com/trueforge-org/forgetool/pkg/sops/checkencrypt.go:241.52,244.5 2 0
github.com/trueforge-org/forgetool/pkg/sops/checkencrypt.go:245.4,245.14 1 0
github.com/trueforge-org/forgetool/pkg/sops/checkencrypt.go:247.3,247.17 1 0
github.com/trueforge-org/forgetool/pkg/sops/checkencrypt.go:247.17,250.4 2 0
github.com/trueforge-org/forgetool/pkg/sops/checkencrypt.go:253.2,253.19 1 0
github.com/trueforge-org/forgetool/pkg/sops/checkencrypt.go:257.53,260.32 2 5
github.com/trueforge-org/forgetool/pkg/sops/checkencrypt.go:261.23,262.33 1 2
github.com/trueforge-org/forgetool/pkg/sops/checkencrypt.go:263.15,264.33 1 0
github.com/trueforge-org/forgetool/pkg/sops/checkencrypt.go:265.22,266.33 1 2
github.com/trueforge-org/forgetool/pkg/sops/checkencrypt.go:267.10,268.15 1 1
github.com/trueforge-org/forgetool/pkg/sops/checkencrypt.go:272.40,274.32 2 8
github.com/trueforge-org/forgetool/pkg/sops/checkencrypt.go:275.23,276.16 1 3
github.com/trueforge-org/forgetool/pkg/sops/checkencrypt.go:277.15,278.16 1 1
github.com/trueforge-org/forgetool/pkg/sops/checkencrypt.go:279.14,280.18 1 1
github.com/trueforge-org/forgetool/pkg/sops/checkencrypt.go:281.14,282.15 1 1
github.com/trueforge-org/forgetool/pkg/sops/checkencrypt.go:283.10,284.18 1 2
github.com/trueforge-org/forgetool/pkg/sops/checkencrypt.go:289.42,292.55 3 7
github.com/trueforge-org/forgetool/pkg/sops/checkencrypt.go:292.55,295.3 1 1
github.com/trueforge-org/forgetool/pkg/sops/checkencrypt.go:296.2,297.11 2 6
github.com/trueforge-org/forgetool/pkg/sops/checkencrypt.go:301.42,304.2 2 6
github.com/trueforge-org/forgetool/pkg/sops/decrypt.go:18.42,20.2 1 0
github.com/trueforge-org/forgetool/pkg/sops/decrypt.go:22.27,27.16 3 0
github.com/trueforge-org/forgetool/pkg/sops/decrypt.go:27.16,30.3 2 0
github.com/trueforge-org/forgetool/pkg/sops/decrypt.go:33.2,36.29 2 0
github.com/trueforge-org/forgetool/pkg/sops/decrypt.go:36.29,37.21 1 0
github.com/trueforge-org/forgetool/pkg/sops/decrypt.go:37.21,42.18 4 0
github.com/trueforge-org/forgetool/pkg/sops/decrypt.go:42.18,45.5 2 0
github.com/trueforge-org/forgetool/pkg/sops/decrypt.go:48.4,49.18 2 0
github.com/trueforge-org/forgetool/pkg/sops/decrypt.go:49.18,52.5 2 0
github.com/trueforge-org/forgetool/pkg/sops/decrypt.go:55.4,55.67 1 0
github.com/trueforge-org/forgetool/pkg/sops/decrypt.go:55.67,58.5 2 0
github.com/trueforge-org/forgetool/pkg/sops/decrypt.go:59.4,59.66 1 0
github.com/trueforge-org/forgetool/pkg/sops/decrypt.go:64.2,64.21 1 0
github.com/trueforge-org/forgetool/pkg/sops/decrypt.go:64.21,66.3 1 0
github.com/trueforge-org/forgetool/pkg/sops/decrypt.go:68.2,70.12 3 0
github.com/trueforge-org/forgetool/pkg/sops/decrypt.go:73.62,79.16 4 0
github.com/trueforge-org/forgetool/pkg/sops/decrypt.go:79.16,82.69 1 0
github.com/trueforge-org/forgetool/pkg/sops/decrypt.go:82.69,86.4 2 0
github.com/trueforge-org/forgetool/pkg/sops/decrypt.go:87.3,88.18 2 0
github.com/trueforge-org/forgetool/pkg/sops/decrypt.go:91.2,92.23 2 0
github.com/trueforge-org/forgetool/pkg/sops/decrypt.go:96.71,98.16 2 0
github.com/trueforge-org/forgetool/pkg/sops/decrypt.go:98.16,99.47 1 0
github.com/trueforge-org/forgetool/pkg/sops/decrypt.go:99.47,103.18 3 0
github.com/trueforge-org/forgetool/pkg/sops/decrypt.go:103.18,106.5 2 0
github.com/trueforge-org/forgetool/pkg/sops/decrypt.go:107.9,110.4 2 0
github.com/trueforge-org/forgetool/pkg/sops/decrypt.go:112.2,113.23 2 0
github.com/trueforge-org/forgetool/pkg/sops/decrypt.go:117.73,121.37 3 0
github.com/trueforge-org/forgetool/pkg/sops/decrypt.go:121.37,125.3 2 0
github.com/trueforge-org/forgetool/pkg/sops/decrypt.go:126.2,126.16 1 0
github.com/trueforge-org/forgetool/pkg/sops/decrypt.go:126.16,128.3 1 0
github.com/trueforge-org/forgetool/pkg/sops/decrypt.go:129.2,129.23 1 0
github.com/trueforge-org/forgetool/pkg/sops/decrypt.go:133.35,135.2 1 0
github.com/trueforge-org/forgetool/pkg/sops/encrypt.go:13.30,17.16 3 0
github.com/trueforge-org/forgetool/pkg/sops/encrypt.go:17.16,20.3 2 0
github.com/trueforge-org/forgetool/pkg/sops/encrypt.go:22.2,24.29 2 0
github.com/trueforge-org/forgetool/pkg/sops/encrypt.go:24.29,25.53 1 0
github.com/trueforge-org/forgetool/pkg/sops/encrypt.go:25.53,28.4 2 0
github.com/trueforge-org/forgetool/pkg/sops/encrypt.go:31.2,32.12 2 0
github.com/trueforge-org/forgetool/pkg/sops/encrypt.go:36.53,38.20 1 0
github.com/trueforge-org/forgetool/pkg/sops/encrypt.go:38.20,41.3 2 0
github.com/trueforge-org/forgetool/pkg/sops/encrypt.go:44.2,45.16 2 0
github.com/trueforge-org/forgetool/pkg/sops/encrypt.go:45.16,48.3 2 0
github.com/trueforge-org/forgetool/pkg/sops/encrypt.go:51.2,51.18 1 0
github.com/trueforge-org/forgetool/pkg/sops/encrypt.go:51.18,54.17 3 0
github.com/trueforge-org/forgetool/pkg/sops/encrypt.go:54.17,57.4 2 0
github.com/trueforge-org/forgetool/pkg/sops/encrypt.go:58.3,58.56 1 0
github.com/trueforge-org/forgetool/pkg/sops/encrypt.go:62.2,63.16 2 0
github.com/trueforge-org/forgetool/pkg/sops/encrypt.go:63.16,66.3 2 0
github.com/trueforge-org/forgetool/pkg/sops/encrypt.go:68.2,69.12 2 0
github.com/trueforge-org/forgetool/pkg/sops/encrypt.go:73.41,79.16 4 0
github.com/trueforge-org/forgetool/pkg/sops/encrypt.go:79.16,82.3 2 0
github.com/trueforge-org/forgetool/pkg/sops/encrypt.go:85.2,86.16 2 0
github.com/trueforge-org/forgetool/pkg/sops/encrypt.go:86.16,89.3 2 0
github.com/trueforge-org/forgetool/pkg/sops/encrypt.go:91.2,95.16 3 0
github.com/trueforge-org/forgetool/pkg/sops/encrypt.go:95.16,98.3 2 0
github.com/trueforge-org/forgetool/pkg/sops/encrypt.go:101.2,101.68 1 0
github.com/trueforge-org/forgetool/pkg/sops/encrypt.go:101.68,104.3 2 0
github.com/trueforge-org/forgetool/pkg/sops/encrypt.go:106.2,107.12 2 0
github.com/trueforge-org/forgetool/pkg/sops/encrypt.go:111.60,118.44 3 0
github.com/trueforge-org/forgetool/pkg/sops/encrypt.go:118.44,121.17 2 0
github.com/trueforge-org/forgetool/pkg/sops/encrypt.go:121.17,123.12 2 0
github.com/trueforge-org/forgetool/pkg/sops/encrypt.go:127.3,127.30 1 0
github.com/trueforge-org/forgetool/pkg/sops/encrypt.go:127.30,131.4 2 0
github.com/trueforge-org/forgetool/pkg/sops/encrypt.go:135.2,135.23 1 0
github.com/trueforge-org/forgetool/pkg/sops/encrypt.go:135.23,138.3 2 0
github.com/trueforge-org/forgetool/pkg/sops/encrypt.go:140.2,140.20 1 0
github.com/trueforge-org/forgetool/pkg/sops/loadsops.go:20.43,23.57 2 5
github.com/trueforge-org/forgetool/pkg/sops/loadsops.go:23.57,26.3 2 1
github.com/trueforge-org/forgetool/pkg/sops/loadsops.go:26.8,26.23 1 4
github.com/trueforge-org/forgetool/pkg/sops/loadsops.go:26.23,28.3 1 0
github.com/trueforge-org/forgetool/pkg/sops/loadsops.go:28.8,30.3 1 4
github.com/trueforge-org/forgetool/pkg/sops/loadsops.go:33.2,34.16 2 4
github.com/trueforge-org/forgetool/pkg/sops/loadsops.go:34.16,37.3 2 0
github.com/trueforge-org/forgetool/pkg/sops/loadsops.go:38.2,43.16 4 4
github.com/trueforge-org/forgetool/pkg/sops/loadsops.go:43.16,46.3 2 1
github.com/trueforge-org/forgetool/pkg/sops/loadsops.go:47.2,53.20 4 3
github.com/trueforge-org/forgetool/pkg/sops/wrapper.go:27.82,35.16 5 0
github.com/trueforge-org/forgetool/pkg/sops/wrapper.go:35.16,38.3 2 0
github.com/trueforge-org/forgetool/pkg/sops/wrapper.go:39.2,45.48 4 0
github.com/trueforge-org/forgetool/pkg/sops/wrapper.go:45.48,46.17 1 0
github.com/trueforge-org/forgetool/pkg/sops/wrapper.go:46.17,49.4 2 0
github.com/trueforge-org/forgetool/pkg/sops/wrapper.go:50.3,50.38 1 0
github.com/trueforge-org/forgetool/pkg/sops/wrapper.go:53.2,55.66 2 0
github.com/trueforge-org/forgetool/pkg/sops/wrapper.go:55.66,59.3 3 0
github.com/trueforge-org/forgetool/pkg/sops/wrapper.go:61.2,73.16 3 0
github.com/trueforge-org/forgetool/pkg/sops/wrapper.go:73.16,76.3 2 0
github.com/trueforge-org/forgetool/pkg/sops/wrapper.go:78.2,79.27 2 0
github.com/trueforge-org/forgetool/pkg/sops/wrapper.go:84.58,88.16 3 0
github.com/trueforge-org/forgetool/pkg/sops/wrapper.go:88.16,90.3 1 0
github.com/trueforge-org/forgetool/pkg/sops/wrapper.go:92.2,92.15 1 0
github.com/trueforge-org/forgetool/pkg/sops/wrapper.go:109.25,112.2 2 0
github.com/trueforge-org/forgetool/pkg/sops/wrapper.go:114.73,117.16 3 0
github.com/trueforge-org/forgetool/pkg/sops/wrapper.go:117.16,120.3 2 0
github.com/trueforge-org/forgetool/pkg/sops/wrapper.go:121.2,122.27 2 0
github.com/trueforge-org/forgetool/pkg/sops/wrapper.go:135.98,139.27 3 0
github.com/trueforge-org/forgetool/pkg/sops/wrapper.go:140.18,141.72 1 0
github.com/trueforge-org/forgetool/pkg/sops/wrapper.go:142.10,143.72 1 0
github.com/trueforge-org/forgetool/pkg/sops/wrapper.go:146.2,149.16 3 0
github.com/trueforge-org/forgetool/pkg/sops/wrapper.go:149.16,152.3 2 0
github.com/trueforge-org/forgetool/pkg/sops/wrapper.go:153.2,172.19 4 0
github.com/trueforge-org/forgetool/pkg/sops/wrapper.go:172.19,175.3 2 0
github.com/trueforge-org/forgetool/pkg/sops/wrapper.go:177.2,186.16 4 0
github.com/trueforge-org/forgetool/pkg/sops/wrapper.go:186.16,189.3 2 0
github.com/trueforge-org/forgetool/pkg/sops/wrapper.go:191.2,192.38 2 0
